{"E:\\Coding\\assignment\\logistech\\src\\algorithms\\cargoBacktracker.ts": {"path":"E:\\Coding\\assignment\\logistech\\src\\algorithms\\cargoBacktracker.ts","statementMap":{"0":{"start":{"line":9,"column":0},"end":{"line":9,"column":16}},"1":{"start":{"line":46,"column":0},"end":{"line":46,"column":16}},"2":{"start":{"line":11,"column":18},"end":{"line":11,"column":58}},"3":{"start":{"line":11,"column":44},"end":{"line":11,"column":54}},"4":{"start":{"line":12,"column":4},"end":{"line":12,"column":40}},"5":{"start":{"line":12,"column":28},"end":{"line":12,"column":40}},"6":{"start":{"line":13,"column":4},"end":{"line":13,"column":39}},"7":{"start":{"line":13,"column":26},"end":{"line":13,"column":39}},"8":{"start":{"line":15,"column":18},"end":{"line":15,"column":65}},"9":{"start":{"line":15,"column":36},"end":{"line":15,"column":42}},"10":{"start":{"line":15,"column":59},"end":{"line":15,"column":64}},"11":{"start":{"line":17,"column":17},"end":{"line":17,"column":43}},"12":{"start":{"line":19,"column":8},"end":{"line":19,"column":41}},"13":{"start":{"line":19,"column":29},"end":{"line":19,"column":41}},"14":{"start":{"line":20,"column":8},"end":{"line":20,"column":40}},"15":{"start":{"line":20,"column":27},"end":{"line":20,"column":40}},"16":{"start":{"line":21,"column":8},"end":{"line":21,"column":44}},"17":{"start":{"line":21,"column":31},"end":{"line":21,"column":44}},"18":{"start":{"line":23,"column":20},"end":{"line":23,"column":39}},"19":{"start":{"line":24,"column":8},"end":{"line":24,"column":49}},"20":{"start":{"line":24,"column":27},"end":{"line":24,"column":49}},"21":{"start":{"line":26,"column":8},"end":{"line":29,"column":9}},"22":{"start":{"line":27,"column":12},"end":{"line":27,"column":32}},"23":{"start":{"line":28,"column":12},"end":{"line":28,"column":24}},"24":{"start":{"line":30,"column":8},"end":{"line":33,"column":9}},"25":{"start":{"line":31,"column":12},"end":{"line":31,"column":32}},"26":{"start":{"line":32,"column":12},"end":{"line":32,"column":24}},"27":{"start":{"line":34,"column":8},"end":{"line":34,"column":29}},"28":{"start":{"line":35,"column":8},"end":{"line":35,"column":21}},"29":{"start":{"line":37,"column":4},"end":{"line":37,"column":28}},"30":{"start":{"line":47,"column":2},"end":{"line":47,"column":56}},"31":{"start":{"line":47,"column":46},"end":{"line":47,"column":56}},"32":{"start":{"line":49,"column":18},"end":{"line":49,"column":56}},"33":{"start":{"line":49,"column":44},"end":{"line":49,"column":54}},"34":{"start":{"line":50,"column":2},"end":{"line":50,"column":46}},"35":{"start":{"line":50,"column":25},"end":{"line":50,"column":44}},"36":{"start":{"line":52,"column":16},"end":{"line":52,"column":17}},"37":{"start":{"line":53,"column":32},"end":{"line":53,"column":34}},"38":{"start":{"line":55,"column":16},"end":{"line":55,"column":42}},"39":{"start":{"line":55,"column":33},"end":{"line":55,"column":41}},"40":{"start":{"line":56,"column":20},"end":{"line":56,"column":51}},"41":{"start":{"line":57,"column":2},"end":{"line":59,"column":3}},"42":{"start":{"line":57,"column":15},"end":{"line":57,"column":31}},"43":{"start":{"line":58,"column":4},"end":{"line":58,"column":47}},"44":{"start":{"line":61,"column":15},"end":{"line":61,"column":32}},"45":{"start":{"line":64,"column":4},"end":{"line":68,"column":5}},"46":{"start":{"line":65,"column":6},"end":{"line":65,"column":27}},"47":{"start":{"line":66,"column":6},"end":{"line":66,"column":40}},"48":{"start":{"line":67,"column":6},"end":{"line":67,"column":13}},"49":{"start":{"line":70,"column":4},"end":{"line":76,"column":5}},"50":{"start":{"line":71,"column":6},"end":{"line":74,"column":7}},"51":{"start":{"line":72,"column":8},"end":{"line":72,"column":29}},"52":{"start":{"line":73,"column":8},"end":{"line":73,"column":42}},"53":{"start":{"line":75,"column":6},"end":{"line":75,"column":13}},"54":{"start":{"line":79,"column":4},"end":{"line":79,"column":53}},"55":{"start":{"line":79,"column":46},"end":{"line":79,"column":53}},"56":{"start":{"line":81,"column":16},"end":{"line":81,"column":36}},"57":{"start":{"line":82,"column":4},"end":{"line":82,"column":30}},"58":{"start":{"line":82,"column":23},"end":{"line":82,"column":30}},"59":{"start":{"line":83,"column":4},"end":{"line":83,"column":18}},"60":{"start":{"line":85,"column":18},"end":{"line":85,"column":26}},"61":{"start":{"line":87,"column":4},"end":{"line":94,"column":5}},"62":{"start":{"line":88,"column":6},"end":{"line":88,"column":37}},"63":{"start":{"line":89,"column":6},"end":{"line":89,"column":48}},"64":{"start":{"line":90,"column":6},"end":{"line":90,"column":22}},"65":{"start":{"line":93,"column":6},"end":{"line":93,"column":39}},"66":{"start":{"line":93,"column":32},"end":{"line":93,"column":39}},"67":{"start":{"line":96,"column":4},"end":{"line":96,"column":38}},"68":{"start":{"line":99,"column":2},"end":{"line":99,"column":16}},"69":{"start":{"line":101,"column":2},"end":{"line":101,"column":49}},"70":{"start":{"line":101,"column":34},"end":{"line":101,"column":47}}},"fnMap":{"0":{"name":"canPackExact","decl":{"start":{"line":9,"column":16},"end":{"line":9,"column":28}},"loc":{"start":{"line":9,"column":66},"end":{"line":38,"column":1}}},"1":{"name":"(anonymous_1)","decl":{"start":{"line":11,"column":34},"end":{"line":11,"column":35}},"loc":{"start":{"line":11,"column":44},"end":{"line":11,"column":54}}},"2":{"name":"(anonymous_2)","decl":{"start":{"line":15,"column":31},"end":{"line":15,"column":32}},"loc":{"start":{"line":15,"column":36},"end":{"line":15,"column":42}}},"3":{"name":"(anonymous_3)","decl":{"start":{"line":15,"column":49},"end":{"line":15,"column":50}},"loc":{"start":{"line":15,"column":59},"end":{"line":15,"column":64}}},"4":{"name":"dfs","decl":{"start":{"line":18,"column":13},"end":{"line":18,"column":16}},"loc":{"start":{"line":18,"column":45},"end":{"line":36,"column":5}}},"5":{"name":"bestFitSubset","decl":{"start":{"line":46,"column":16},"end":{"line":46,"column":29}},"loc":{"start":{"line":46,"column":67},"end":{"line":102,"column":1}}},"6":{"name":"(anonymous_6)","decl":{"start":{"line":49,"column":31},"end":{"line":49,"column":32}},"loc":{"start":{"line":49,"column":44},"end":{"line":49,"column":54}}},"7":{"name":"(anonymous_7)","decl":{"start":{"line":50,"column":15},"end":{"line":50,"column":16}},"loc":{"start":{"line":50,"column":25},"end":{"line":50,"column":44}}},"8":{"name":"(anonymous_8)","decl":{"start":{"line":55,"column":28},"end":{"line":55,"column":29}},"loc":{"start":{"line":55,"column":33},"end":{"line":55,"column":41}}},"9":{"name":"dfs","decl":{"start":{"line":63,"column":11},"end":{"line":63,"column":14}},"loc":{"start":{"line":63,"column":65},"end":{"line":97,"column":3}}},"10":{"name":"(anonymous_10)","decl":{"start":{"line":101,"column":27},"end":{"line":101,"column":30}},"loc":{"start":{"line":101,"column":34},"end":{"line":101,"column":47}}}},"branchMap":{"0":{"loc":{"start":{"line":12,"column":4},"end":{"line":12,"column":40}},"type":"if","locations":[{"start":{"line":12,"column":4},"end":{"line":12,"column":40}},{"start":{},"end":{}}]},"1":{"loc":{"start":{"line":13,"column":4},"end":{"line":13,"column":39}},"type":"if","locations":[{"start":{"line":13,"column":4},"end":{"line":13,"column":39}},{"start":{},"end":{}}]},"2":{"loc":{"start":{"line":19,"column":8},"end":{"line":19,"column":41}},"type":"if","locations":[{"start":{"line":19,"column":8},"end":{"line":19,"column":41}},{"start":{},"end":{}}]},"3":{"loc":{"start":{"line":20,"column":8},"end":{"line":20,"column":40}},"type":"if","locations":[{"start":{"line":20,"column":8},"end":{"line":20,"column":40}},{"start":{},"end":{}}]},"4":{"loc":{"start":{"line":21,"column":8},"end":{"line":21,"column":44}},"type":"if","locations":[{"start":{"line":21,"column":8},"end":{"line":21,"column":44}},{"start":{},"end":{}}]},"5":{"loc":{"start":{"line":24,"column":8},"end":{"line":24,"column":49}},"type":"if","locations":[{"start":{"line":24,"column":8},"end":{"line":24,"column":49}},{"start":{},"end":{}}]},"6":{"loc":{"start":{"line":26,"column":8},"end":{"line":29,"column":9}},"type":"if","locations":[{"start":{"line":26,"column":8},"end":{"line":29,"column":9}},{"start":{},"end":{}}]},"7":{"loc":{"start":{"line":30,"column":8},"end":{"line":33,"column":9}},"type":"if","locations":[{"start":{"line":30,"column":8},"end":{"line":33,"column":9}},{"start":{},"end":{}}]},"8":{"loc":{"start":{"line":47,"column":2},"end":{"line":47,"column":56}},"type":"if","locations":[{"start":{"line":47,"column":2},"end":{"line":47,"column":56}},{"start":{},"end":{}}]},"9":{"loc":{"start":{"line":47,"column":6},"end":{"line":47,"column":44}},"type":"binary-expr","locations":[{"start":{"line":47,"column":6},"end":{"line":47,"column":19}},{"start":{"line":47,"column":23},"end":{"line":47,"column":44}}]},"10":{"loc":{"start":{"line":64,"column":4},"end":{"line":68,"column":5}},"type":"if","locations":[{"start":{"line":64,"column":4},"end":{"line":68,"column":5}},{"start":{},"end":{}}]},"11":{"loc":{"start":{"line":70,"column":4},"end":{"line":76,"column":5}},"type":"if","locations":[{"start":{"line":70,"column":4},"end":{"line":76,"column":5}},{"start":{},"end":{}}]},"12":{"loc":{"start":{"line":71,"column":6},"end":{"line":74,"column":7}},"type":"if","locations":[{"start":{"line":71,"column":6},"end":{"line":74,"column":7}},{"start":{},"end":{}}]},"13":{"loc":{"start":{"line":79,"column":4},"end":{"line":79,"column":53}},"type":"if","locations":[{"start":{"line":79,"column":4},"end":{"line":79,"column":53}},{"start":{},"end":{}}]},"14":{"loc":{"start":{"line":82,"column":4},"end":{"line":82,"column":30}},"type":"if","locations":[{"start":{"line":82,"column":4},"end":{"line":82,"column":30}},{"start":{},"end":{}}]},"15":{"loc":{"start":{"line":87,"column":4},"end":{"line":94,"column":5}},"type":"if","locations":[{"start":{"line":87,"column":4},"end":{"line":94,"column":5}},{"start":{},"end":{}}]},"16":{"loc":{"start":{"line":93,"column":6},"end":{"line":93,"column":39}},"type":"if","locations":[{"start":{"line":93,"column":6},"end":{"line":93,"column":39}},{"start":{},"end":{}}]}},"s":{"0":1,"1":1,"2":5,"3":18,"4":5,"5":1,"6":4,"7":1,"8":3,"9":12,"10":9,"11":3,"12":48,"13":1,"14":47,"15":9,"16":38,"17":14,"18":24,"19":24,"20":0,"21":24,"22":3,"23":3,"24":21,"25":1,"26":1,"27":20,"28":20,"29":3,"30":3,"31":0,"32":3,"33":10,"34":3,"35":11,"36":3,"37":3,"38":3,"39":10,"40":3,"41":3,"42":3,"43":10,"44":3,"45":11,"46":2,"47":2,"48":2,"49":9,"50":1,"51":0,"52":0,"53":1,"54":8,"55":0,"56":8,"57":8,"58":0,"59":8,"60":8,"61":8,"62":4,"63":4,"64":4,"65":4,"66":4,"67":4,"68":3,"69":3,"70":4},"f":{"0":5,"1":18,"2":12,"3":9,"4":48,"5":3,"6":10,"7":11,"8":10,"9":11,"10":4},"b":{"0":[1,4],"1":[1,3],"2":[1,47],"3":[9,38],"4":[14,24],"5":[0,24],"6":[3,21],"7":[1,20],"8":[0,3],"9":[3,3],"10":[2,9],"11":[1,8],"12":[0,1],"13":[0,8],"14":[0,8],"15":[4,4],"16":[4,0]}}
,"E:\\Coding\\assignment\\logistech\\src\\api\\server.ts": {"path":"E:\\Coding\\assignment\\logistech\\src\\api\\server.ts","statementMap":{"0":{"start":{"line":33,"column":0},"end":{"line":33,"column":7}},"1":{"start":{"line":1,"column":0},"end":{"line":1,"column":30}},"2":{"start":{"line":2,"column":0},"end":{"line":2,"column":24}},"3":{"start":{"line":3,"column":0},"end":{"line":3,"column":37}},"4":{"start":{"line":4,"column":0},"end":{"line":4,"column":39}},"5":{"start":{"line":5,"column":0},"end":{"line":5,"column":47}},"6":{"start":{"line":6,"column":0},"end":{"line":6,"column":43}},"7":{"start":{"line":7,"column":0},"end":{"line":7,"column":43}},"8":{"start":{"line":8,"column":0},"end":{"line":8,"column":43}},"9":{"start":{"line":9,"column":0},"end":{"line":9,"column":45}},"10":{"start":{"line":10,"column":0},"end":{"line":10,"column":48}},"11":{"start":{"line":11,"column":0},"end":{"line":11,"column":26}},"12":{"start":{"line":12,"column":0},"end":{"line":12,"column":53}},"13":{"start":{"line":13,"column":0},"end":{"line":13,"column":54}},"14":{"start":{"line":16,"column":12},"end":{"line":16,"column":21}},"15":{"start":{"line":17,"column":0},"end":{"line":17,"column":16}},"16":{"start":{"line":18,"column":0},"end":{"line":18,"column":27}},"17":{"start":{"line":20,"column":0},"end":{"line":20,"column":98}},"18":{"start":{"line":22,"column":0},"end":{"line":22,"column":33}},"19":{"start":{"line":23,"column":0},"end":{"line":23,"column":41}},"20":{"start":{"line":24,"column":0},"end":{"line":24,"column":37}},"21":{"start":{"line":25,"column":0},"end":{"line":25,"column":37}},"22":{"start":{"line":26,"column":0},"end":{"line":26,"column":54}},"23":{"start":{"line":27,"column":0},"end":{"line":27,"column":59}},"24":{"start":{"line":29,"column":0},"end":{"line":32,"column":3}},"25":{"start":{"line":30,"column":2},"end":{"line":30,"column":21}},"26":{"start":{"line":31,"column":2},"end":{"line":31,"column":88}},"27":{"start":{"line":34,"column":13},"end":{"line":34,"column":37}},"28":{"start":{"line":36,"column":2},"end":{"line":36,"column":36}},"29":{"start":{"line":37,"column":2},"end":{"line":37,"column":30}},"30":{"start":{"line":38,"column":2},"end":{"line":38,"column":98}},"31":{"start":{"line":41,"column":0},"end":{"line":59,"column":1}},"32":{"start":{"line":42,"column":2},"end":{"line":58,"column":7}},"33":{"start":{"line":43,"column":4},"end":{"line":57,"column":5}},"34":{"start":{"line":45,"column":19},"end":{"line":45,"column":49}},"35":{"start":{"line":46,"column":6},"end":{"line":46,"column":48}},"36":{"start":{"line":48,"column":6},"end":{"line":48,"column":25}},"37":{"start":{"line":50,"column":19},"end":{"line":50,"column":69}},"38":{"start":{"line":51,"column":6},"end":{"line":53,"column":9}},"39":{"start":{"line":52,"column":8},"end":{"line":52,"column":74}},"40":{"start":{"line":55,"column":6},"end":{"line":55,"column":43}},"41":{"start":{"line":56,"column":6},"end":{"line":56,"column":22}},"42":{"start":{"line":61,"column":0},"end":{"line":61,"column":19}}},"fnMap":{"0":{"name":"(anonymous_10)","decl":{"start":{"line":29,"column":8},"end":{"line":29,"column":9}},"loc":{"start":{"line":29,"column":52},"end":{"line":32,"column":1}}},"1":{"name":"initialize","decl":{"start":{"line":33,"column":22},"end":{"line":33,"column":32}},"loc":{"start":{"line":33,"column":32},"end":{"line":39,"column":1}}},"2":{"name":"(anonymous_12)","decl":{"start":{"line":42,"column":3},"end":{"line":42,"column":8}},"loc":{"start":{"line":42,"column":14},"end":{"line":58,"column":3}}},"3":{"name":"(anonymous_13)","decl":{"start":{"line":51,"column":23},"end":{"line":51,"column":26}},"loc":{"start":{"line":51,"column":28},"end":{"line":53,"column":7}}}},"branchMap":{"0":{"loc":{"start":{"line":20,"column":55},"end":{"line":20,"column":95}},"type":"binary-expr","locations":[{"start":{"line":20,"column":55},"end":{"line":20,"column":81}},{"start":{"line":20,"column":85},"end":{"line":20,"column":95}}]},"1":{"loc":{"start":{"line":31,"column":13},"end":{"line":31,"column":30}},"type":"binary-expr","locations":[{"start":{"line":31,"column":13},"end":{"line":31,"column":23}},{"start":{"line":31,"column":27},"end":{"line":31,"column":30}}]},"2":{"loc":{"start":{"line":31,"column":46},"end":{"line":31,"column":84}},"type":"binary-expr","locations":[{"start":{"line":31,"column":46},"end":{"line":31,"column":57}},{"start":{"line":31,"column":61},"end":{"line":31,"column":84}}]},"3":{"loc":{"start":{"line":41,"column":0},"end":{"line":59,"column":1}},"type":"if","locations":[{"start":{"line":41,"column":0},"end":{"line":59,"column":1}},{"start":{},"end":{}}]},"4":{"loc":{"start":{"line":50,"column":19},"end":{"line":50,"column":69}},"type":"cond-expr","locations":[{"start":{"line":50,"column":38},"end":{"line":50,"column":62}},{"start":{"line":50,"column":65},"end":{"line":50,"column":69}}]}},"s":{"0":3,"1":3,"2":3,"3":3,"4":3,"5":3,"6":3,"7":3,"8":3,"9":3,"10":3,"11":3,"12":3,"13":3,"14":3,"15":3,"16":3,"17":3,"18":3,"19":3,"20":3,"21":3,"22":3,"23":3,"24":3,"25":0,"26":0,"27":2,"28":2,"29":1,"30":1,"31":3,"32":0,"33":0,"34":0,"35":0,"36":0,"37":0,"38":0,"39":0,"40":0,"41":0,"42":3},"f":{"0":0,"1":2,"2":0,"3":0},"b":{"0":[3,0],"1":[0,0],"2":[0,0],"3":[0,3],"4":[0,0]}}
,"E:\\Coding\\assignment\\logistech\\src\\api\\middleware\\validate.ts": {"path":"E:\\Coding\\assignment\\logistech\\src\\api\\middleware\\validate.ts","statementMap":{"0":{"start":{"line":8,"column":0},"end":{"line":8,"column":16}},"1":{"start":{"line":9,"column":2},"end":{"line":21,"column":4}},"2":{"start":{"line":10,"column":19},"end":{"line":10,"column":45}},"3":{"start":{"line":11,"column":4},"end":{"line":17,"column":5}},"4":{"start":{"line":12,"column":21},"end":{"line":15,"column":9}},"5":{"start":{"line":12,"column":51},"end":{"line":15,"column":8}},"6":{"start":{"line":16,"column":6},"end":{"line":16,"column":77}},"7":{"start":{"line":19,"column":4},"end":{"line":19,"column":27}},"8":{"start":{"line":20,"column":4},"end":{"line":20,"column":11}}},"fnMap":{"0":{"name":"validateBody","decl":{"start":{"line":8,"column":16},"end":{"line":8,"column":28}},"loc":{"start":{"line":8,"column":59},"end":{"line":22,"column":1}}},"1":{"name":"(anonymous_1)","decl":{"start":{"line":9,"column":9},"end":{"line":9,"column":10}},"loc":{"start":{"line":9,"column":28},"end":{"line":21,"column":3}}},"2":{"name":"(anonymous_2)","decl":{"start":{"line":12,"column":45},"end":{"line":12,"column":46}},"loc":{"start":{"line":12,"column":51},"end":{"line":15,"column":8}}}},"branchMap":{"0":{"loc":{"start":{"line":11,"column":4},"end":{"line":17,"column":5}},"type":"if","locations":[{"start":{"line":11,"column":4},"end":{"line":17,"column":5}},{"start":{},"end":{}}]}},"s":{"0":3,"1":12,"2":0,"3":0,"4":0,"5":0,"6":0,"7":0,"8":0},"f":{"0":12,"1":0,"2":0},"b":{"0":[0,0]}}
,"E:\\Coding\\assignment\\logistech\\src\\api\\routes\\bins.ts": {"path":"E:\\Coding\\assignment\\logistech\\src\\api\\routes\\bins.ts","statementMap":{"0":{"start":{"line":1,"column":0},"end":{"line":1,"column":33}},"1":{"start":{"line":2,"column":0},"end":{"line":2,"column":51}},"2":{"start":{"line":3,"column":0},"end":{"line":3,"column":28}},"3":{"start":{"line":5,"column":15},"end":{"line":5,"column":23}},"4":{"start":{"line":11,"column":0},"end":{"line":31,"column":null}},"5":{"start":{"line":12,"column":4},"end":{"line":30,"column":5}},"6":{"start":{"line":13,"column":19},"end":{"line":13,"column":43}},"7":{"start":{"line":14,"column":8},"end":{"line":16,"column":9}},"8":{"start":{"line":15,"column":12},"end":{"line":15,"column":46}},"9":{"start":{"line":18,"column":21},"end":{"line":18,"column":61}},"10":{"start":{"line":19,"column":22},"end":{"line":19,"column":67}},"11":{"start":{"line":20,"column":23},"end":{"line":20,"column":41}},"12":{"start":{"line":21,"column":22},"end":{"line":26,"column":11}},"13":{"start":{"line":21,"column":78},"end":{"line":26,"column":10}},"14":{"start":{"line":27,"column":8},"end":{"line":27,"column":79}},"15":{"start":{"line":29,"column":8},"end":{"line":29,"column":18}},"16":{"start":{"line":37,"column":0},"end":{"line":53,"column":3}},"17":{"start":{"line":38,"column":2},"end":{"line":52,"column":3}},"18":{"start":{"line":39,"column":15},"end":{"line":39,"column":39}},"19":{"start":{"line":40,"column":4},"end":{"line":40,"column":72}},"20":{"start":{"line":40,"column":38},"end":{"line":40,"column":72}},"21":{"start":{"line":42,"column":20},"end":{"line":42,"column":92}},"22":{"start":{"line":42,"column":56},"end":{"line":42,"column":91}},"23":{"start":{"line":43,"column":16},"end":{"line":48,"column":7}},"24":{"start":{"line":43,"column":74},"end":{"line":48,"column":6}},"25":{"start":{"line":49,"column":4},"end":{"line":49,"column":48}},"26":{"start":{"line":51,"column":4},"end":{"line":51,"column":14}},"27":{"start":{"line":59,"column":0},"end":{"line":100,"column":3}},"28":{"start":{"line":60,"column":2},"end":{"line":99,"column":3}},"29":{"start":{"line":61,"column":18},"end":{"line":61,"column":48}},"30":{"start":{"line":63,"column":19},"end":{"line":63,"column":39}},"31":{"start":{"line":64,"column":4},"end":{"line":90,"column":5}},"32":{"start":{"line":65,"column":6},"end":{"line":65,"column":34}},"33":{"start":{"line":66,"column":6},"end":{"line":66,"column":88}},"34":{"start":{"line":69,"column":28},"end":{"line":69,"column":30}},"35":{"start":{"line":70,"column":31},"end":{"line":70,"column":33}},"36":{"start":{"line":71,"column":6},"end":{"line":77,"column":7}},"37":{"start":{"line":71,"column":19},"end":{"line":71,"column":20}},"38":{"start":{"line":72,"column":20},"end":{"line":72,"column":56}},"39":{"start":{"line":73,"column":20},"end":{"line":73,"column":93}},"40":{"start":{"line":74,"column":8},"end":{"line":74,"column":30}},"41":{"start":{"line":75,"column":20},"end":{"line":75,"column":25}},"42":{"start":{"line":76,"column":8},"end":{"line":76,"column":50}},"43":{"start":{"line":78,"column":6},"end":{"line":83,"column":7}},"44":{"start":{"line":79,"column":8},"end":{"line":82,"column":10}},"45":{"start":{"line":84,"column":6},"end":{"line":84,"column":35}},"46":{"start":{"line":86,"column":6},"end":{"line":86,"column":37}},"47":{"start":{"line":87,"column":6},"end":{"line":87,"column":16}},"48":{"start":{"line":89,"column":6},"end":{"line":89,"column":23}},"49":{"start":{"line":93,"column":15},"end":{"line":93,"column":39}},"50":{"start":{"line":94,"column":4},"end":{"line":94,"column":38}},"51":{"start":{"line":96,"column":4},"end":{"line":96,"column":60}},"52":{"start":{"line":98,"column":4},"end":{"line":98,"column":14}},"53":{"start":{"line":102,"column":0},"end":{"line":102,"column":22}}},"fnMap":{"0":{"name":"(anonymous_1)","decl":{"start":{"line":11,"column":16},"end":{"line":11,"column":21}},"loc":{"start":{"line":11,"column":41},"end":{"line":31,"column":1}}},"1":{"name":"(anonymous_2)","decl":{"start":{"line":21,"column":72},"end":{"line":21,"column":73}},"loc":{"start":{"line":21,"column":78},"end":{"line":26,"column":10}}},"2":{"name":"(anonymous_3)","decl":{"start":{"line":37,"column":20},"end":{"line":37,"column":25}},"loc":{"start":{"line":37,"column":45},"end":{"line":53,"column":1}}},"3":{"name":"(anonymous_4)","decl":{"start":{"line":42,"column":46},"end":{"line":42,"column":47}},"loc":{"start":{"line":42,"column":56},"end":{"line":42,"column":91}}},"4":{"name":"(anonymous_5)","decl":{"start":{"line":43,"column":68},"end":{"line":43,"column":69}},"loc":{"start":{"line":43,"column":74},"end":{"line":48,"column":6}}},"5":{"name":"(anonymous_6)","decl":{"start":{"line":59,"column":21},"end":{"line":59,"column":26}},"loc":{"start":{"line":59,"column":46},"end":{"line":100,"column":1}}}},"branchMap":{"0":{"loc":{"start":{"line":14,"column":8},"end":{"line":16,"column":9}},"type":"if","locations":[{"start":{"line":14,"column":8},"end":{"line":16,"column":9}},{"start":{},"end":{}}]},"1":{"loc":{"start":{"line":18,"column":33},"end":{"line":18,"column":60}},"type":"binary-expr","locations":[{"start":{"line":18,"column":33},"end":{"line":18,"column":55}},{"start":{"line":18,"column":59},"end":{"line":18,"column":60}}]},"2":{"loc":{"start":{"line":19,"column":36},"end":{"line":19,"column":66}},"type":"binary-expr","locations":[{"start":{"line":19,"column":36},"end":{"line":19,"column":59}},{"start":{"line":19,"column":63},"end":{"line":19,"column":66}}]},"3":{"loc":{"start":{"line":40,"column":4},"end":{"line":40,"column":72}},"type":"if","locations":[{"start":{"line":40,"column":4},"end":{"line":40,"column":72}},{"start":{},"end":{}}]},"4":{"loc":{"start":{"line":43,"column":33},"end":{"line":43,"column":62}},"type":"binary-expr","locations":[{"start":{"line":43,"column":33},"end":{"line":43,"column":56}},{"start":{"line":43,"column":60},"end":{"line":43,"column":62}}]},"5":{"loc":{"start":{"line":61,"column":25},"end":{"line":61,"column":47}},"type":"binary-expr","locations":[{"start":{"line":61,"column":25},"end":{"line":61,"column":40}},{"start":{"line":61,"column":44},"end":{"line":61,"column":47}}]},"6":{"loc":{"start":{"line":78,"column":6},"end":{"line":83,"column":7}},"type":"if","locations":[{"start":{"line":78,"column":6},"end":{"line":83,"column":7}},{"start":{},"end":{}}]}},"s":{"0":3,"1":3,"2":3,"3":3,"4":3,"5":0,"6":0,"7":0,"8":0,"9":0,"10":0,"11":0,"12":0,"13":0,"14":0,"15":0,"16":3,"17":0,"18":0,"19":0,"20":0,"21":0,"22":0,"23":0,"24":0,"25":0,"26":0,"27":3,"28":0,"29":0,"30":0,"31":0,"32":0,"33":0,"34":0,"35":0,"36":0,"37":0,"38":0,"39":0,"40":0,"41":0,"42":0,"43":0,"44":0,"45":0,"46":0,"47":0,"48":0,"49":0,"50":0,"51":0,"52":0,"53":3},"f":{"0":0,"1":0,"2":0,"3":0,"4":0,"5":0},"b":{"0":[0,0],"1":[0,0],"2":[0,0],"3":[0,0],"4":[0,0],"5":[0,0],"6":[0,0]}}
,"E:\\Coding\\assignment\\logistech\\src\\api\\routes\\destination.ts": {"path":"E:\\Coding\\assignment\\logistech\\src\\api\\routes\\destination.ts","statementMap":{"0":{"start":{"line":1,"column":0},"end":{"line":1,"column":33}},"1":{"start":{"line":2,"column":0},"end":{"line":2,"column":29}},"2":{"start":{"line":4,"column":15},"end":{"line":4,"column":23}},"3":{"start":{"line":14,"column":0},"end":{"line":59,"column":3}},"4":{"start":{"line":15,"column":4},"end":{"line":58,"column":5}},"5":{"start":{"line":16,"column":22},"end":{"line":16,"column":51}},"6":{"start":{"line":17,"column":23},"end":{"line":17,"column":64}},"7":{"start":{"line":20,"column":18},"end":{"line":20,"column":20}},"8":{"start":{"line":21,"column":8},"end":{"line":55,"column":9}},"9":{"start":{"line":23,"column":8},"end":{"line":31,"column":10}},"10":{"start":{"line":32,"column":18},"end":{"line":32,"column":46}},"11":{"start":{"line":33,"column":21},"end":{"line":37,"column":11}},"12":{"start":{"line":33,"column":45},"end":{"line":37,"column":10}},"13":{"start":{"line":38,"column":8},"end":{"line":38,"column":30}},"14":{"start":{"line":41,"column":8},"end":{"line":48,"column":10}},"15":{"start":{"line":49,"column":18},"end":{"line":49,"column":46}},"16":{"start":{"line":50,"column":21},"end":{"line":53,"column":11}},"17":{"start":{"line":50,"column":45},"end":{"line":53,"column":10}},"18":{"start":{"line":54,"column":8},"end":{"line":54,"column":30}},"19":{"start":{"line":57,"column":8},"end":{"line":57,"column":18}},"20":{"start":{"line":61,"column":0},"end":{"line":61,"column":22}}},"fnMap":{"0":{"name":"(anonymous_1)","decl":{"start":{"line":14,"column":16},"end":{"line":14,"column":21}},"loc":{"start":{"line":14,"column":41},"end":{"line":59,"column":1}}},"1":{"name":"(anonymous_2)","decl":{"start":{"line":33,"column":32},"end":{"line":33,"column":33}},"loc":{"start":{"line":33,"column":45},"end":{"line":37,"column":10}}},"2":{"name":"(anonymous_3)","decl":{"start":{"line":50,"column":32},"end":{"line":50,"column":33}},"loc":{"start":{"line":50,"column":45},"end":{"line":53,"column":10}}}},"branchMap":{"0":{"loc":{"start":{"line":16,"column":22},"end":{"line":16,"column":51}},"type":"binary-expr","locations":[{"start":{"line":16,"column":22},"end":{"line":16,"column":45}},{"start":{"line":16,"column":49},"end":{"line":16,"column":51}}]},"1":{"loc":{"start":{"line":17,"column":30},"end":{"line":17,"column":63}},"type":"binary-expr","locations":[{"start":{"line":17,"column":30},"end":{"line":17,"column":46}},{"start":{"line":17,"column":50},"end":{"line":17,"column":63}}]},"2":{"loc":{"start":{"line":21,"column":8},"end":{"line":55,"column":9}},"type":"if","locations":[{"start":{"line":21,"column":8},"end":{"line":55,"column":9}},{"start":{"line":39,"column":15},"end":{"line":55,"column":9}}]}},"s":{"0":3,"1":3,"2":3,"3":3,"4":1,"5":1,"6":1,"7":1,"8":1,"9":0,"10":0,"11":0,"12":0,"13":0,"14":1,"15":1,"16":1,"17":2,"18":1,"19":0,"20":3},"f":{"0":1,"1":0,"2":2},"b":{"0":[1,0],"1":[1,1],"2":[0,1]}}
,"E:\\Coding\\assignment\\logistech\\src\\api\\routes\\packages.ts": {"path":"E:\\Coding\\assignment\\logistech\\src\\api\\routes\\packages.ts","statementMap":{"0":{"start":{"line":1,"column":0},"end":{"line":1,"column":33}},"1":{"start":{"line":2,"column":0},"end":{"line":2,"column":45}},"2":{"start":{"line":3,"column":0},"end":{"line":3,"column":51}},"3":{"start":{"line":4,"column":0},"end":{"line":4,"column":54}},"4":{"start":{"line":5,"column":0},"end":{"line":5,"column":64}},"5":{"start":{"line":6,"column":0},"end":{"line":6,"column":24}},"6":{"start":{"line":7,"column":15},"end":{"line":7,"column":23}},"7":{"start":{"line":14,"column":0},"end":{"line":28,"column":3}},"8":{"start":{"line":15,"column":4},"end":{"line":27,"column":5}},"9":{"start":{"line":16,"column":50},"end":{"line":16,"column":58}},"10":{"start":{"line":20,"column":19},"end":{"line":20,"column":73}},"11":{"start":{"line":21,"column":20},"end":{"line":21,"column":60}},"12":{"start":{"line":22,"column":19},"end":{"line":22,"column":43}},"13":{"start":{"line":23,"column":19},"end":{"line":23,"column":51}},"14":{"start":{"line":24,"column":8},"end":{"line":24,"column":63}},"15":{"start":{"line":26,"column":8},"end":{"line":26,"column":18}},"16":{"start":{"line":35,"column":0},"end":{"line":54,"column":3}},"17":{"start":{"line":38,"column":4},"end":{"line":53,"column":5}},"18":{"start":{"line":39,"column":22},"end":{"line":39,"column":63}},"19":{"start":{"line":40,"column":19},"end":{"line":40,"column":43}},"20":{"start":{"line":41,"column":8},"end":{"line":41,"column":76}},"21":{"start":{"line":41,"column":42},"end":{"line":41,"column":76}},"22":{"start":{"line":43,"column":83},"end":{"line":43,"column":85}},"23":{"start":{"line":44,"column":8},"end":{"line":49,"column":9}},"24":{"start":{"line":44,"column":21},"end":{"line":44,"column":22}},"25":{"start":{"line":45,"column":21},"end":{"line":45,"column":56}},"26":{"start":{"line":46,"column":20},"end":{"line":46,"column":91}},"27":{"start":{"line":47,"column":25},"end":{"line":47,"column":57}},"28":{"start":{"line":48,"column":8},"end":{"line":48,"column":69}},"29":{"start":{"line":50,"column":8},"end":{"line":50,"column":53}},"30":{"start":{"line":52,"column":8},"end":{"line":52,"column":18}},"31":{"start":{"line":56,"column":0},"end":{"line":56,"column":22}}},"fnMap":{"0":{"name":"(anonymous_0)","decl":{"start":{"line":14,"column":52},"end":{"line":14,"column":57}},"loc":{"start":{"line":14,"column":77},"end":{"line":28,"column":1}}},"1":{"name":"(anonymous_1)","decl":{"start":{"line":37,"column":4},"end":{"line":37,"column":9}},"loc":{"start":{"line":37,"column":29},"end":{"line":54,"column":1}}}},"branchMap":{"0":{"loc":{"start":{"line":20,"column":19},"end":{"line":20,"column":73}},"type":"binary-expr","locations":[{"start":{"line":20,"column":19},"end":{"line":20,"column":29}},{"start":{"line":20,"column":33},"end":{"line":20,"column":73}}]},"1":{"loc":{"start":{"line":21,"column":42},"end":{"line":21,"column":59}},"type":"binary-expr","locations":[{"start":{"line":21,"column":42},"end":{"line":21,"column":53}},{"start":{"line":21,"column":57},"end":{"line":21,"column":59}}]},"2":{"loc":{"start":{"line":39,"column":34},"end":{"line":39,"column":62}},"type":"binary-expr","locations":[{"start":{"line":39,"column":34},"end":{"line":39,"column":56}},{"start":{"line":39,"column":60},"end":{"line":39,"column":62}}]},"3":{"loc":{"start":{"line":41,"column":8},"end":{"line":41,"column":76}},"type":"if","locations":[{"start":{"line":41,"column":8},"end":{"line":41,"column":76}},{"start":{},"end":{}}]}},"s":{"0":3,"1":3,"2":3,"3":3,"4":3,"5":3,"6":3,"7":3,"8":0,"9":0,"10":0,"11":0,"12":0,"13":0,"14":0,"15":0,"16":3,"17":0,"18":0,"19":0,"20":0,"21":0,"22":0,"23":0,"24":0,"25":0,"26":0,"27":0,"28":0,"29":0,"30":0,"31":3},"f":{"0":0,"1":0},"b":{"0":[0,0],"1":[0,0],"2":[0,0],"3":[0,0]}}
,"E:\\Coding\\assignment\\logistech\\src\\api\\routes\\system.ts": {"path":"E:\\Coding\\assignment\\logistech\\src\\api\\routes\\system.ts","statementMap":{"0":{"start":{"line":1,"column":0},"end":{"line":1,"column":33}},"1":{"start":{"line":2,"column":0},"end":{"line":2,"column":29}},"2":{"start":{"line":3,"column":0},"end":{"line":3,"column":51}},"3":{"start":{"line":5,"column":15},"end":{"line":5,"column":23}},"4":{"start":{"line":11,"column":0},"end":{"line":32,"column":3}},"5":{"start":{"line":12,"column":4},"end":{"line":31,"column":5}},"6":{"start":{"line":13,"column":19},"end":{"line":13,"column":43}},"7":{"start":{"line":14,"column":23},"end":{"line":14,"column":53}},"8":{"start":{"line":15,"column":28},"end":{"line":15,"column":71}},"9":{"start":{"line":16,"column":28},"end":{"line":16,"column":80}},"10":{"start":{"line":19,"column":8},"end":{"line":21,"column":9}},"11":{"start":{"line":20,"column":8},"end":{"line":20,"column":42}},"12":{"start":{"line":22,"column":8},"end":{"line":28,"column":11}},"13":{"start":{"line":30,"column":8},"end":{"line":30,"column":18}},"14":{"start":{"line":37,"column":0},"end":{"line":84,"column":3}},"15":{"start":{"line":38,"column":4},"end":{"line":83,"column":5}},"16":{"start":{"line":40,"column":19},"end":{"line":45,"column":null}},"17":{"start":{"line":48,"column":19},"end":{"line":49,"column":null}},"18":{"start":{"line":52,"column":19},"end":{"line":53,"column":null}},"19":{"start":{"line":57,"column":19},"end":{"line":59,"column":null}},"20":{"start":{"line":62,"column":33},"end":{"line":62,"column":68}},"21":{"start":{"line":64,"column":24},"end":{"line":78,"column":10}},"22":{"start":{"line":70,"column":53},"end":{"line":76,"column":10}},"23":{"start":{"line":80,"column":8},"end":{"line":80,"column":26}},"24":{"start":{"line":82,"column":8},"end":{"line":82,"column":18}},"25":{"start":{"line":86,"column":0},"end":{"line":86,"column":22}}},"fnMap":{"0":{"name":"(anonymous_1)","decl":{"start":{"line":11,"column":22},"end":{"line":11,"column":27}},"loc":{"start":{"line":11,"column":47},"end":{"line":32,"column":1}}},"1":{"name":"(anonymous_2)","decl":{"start":{"line":37,"column":21},"end":{"line":37,"column":26}},"loc":{"start":{"line":37,"column":46},"end":{"line":84,"column":1}}},"2":{"name":"(anonymous_3)","decl":{"start":{"line":70,"column":40},"end":{"line":70,"column":41}},"loc":{"start":{"line":70,"column":53},"end":{"line":76,"column":10}}}},"branchMap":{"0":{"loc":{"start":{"line":19,"column":8},"end":{"line":21,"column":9}},"type":"if","locations":[{"start":{"line":19,"column":8},"end":{"line":21,"column":9}},{"start":{},"end":{}}]},"1":{"loc":{"start":{"line":65,"column":26},"end":{"line":65,"column":52}},"type":"binary-expr","locations":[{"start":{"line":65,"column":26},"end":{"line":65,"column":47}},{"start":{"line":65,"column":51},"end":{"line":65,"column":52}}]},"2":{"loc":{"start":{"line":66,"column":25},"end":{"line":66,"column":50}},"type":"binary-expr","locations":[{"start":{"line":66,"column":25},"end":{"line":66,"column":45}},{"start":{"line":66,"column":49},"end":{"line":66,"column":50}}]},"3":{"loc":{"start":{"line":67,"column":35},"end":{"line":67,"column":59}},"type":"binary-expr","locations":[{"start":{"line":67,"column":35},"end":{"line":67,"column":54}},{"start":{"line":67,"column":58},"end":{"line":67,"column":59}}]},"4":{"loc":{"start":{"line":68,"column":28},"end":{"line":68,"column":56}},"type":"binary-expr","locations":[{"start":{"line":68,"column":28},"end":{"line":68,"column":51}},{"start":{"line":68,"column":55},"end":{"line":68,"column":56}}]},"5":{"loc":{"start":{"line":69,"column":33},"end":{"line":69,"column":67}},"type":"binary-expr","locations":[{"start":{"line":69,"column":33},"end":{"line":69,"column":62}},{"start":{"line":69,"column":66},"end":{"line":69,"column":67}}]}},"s":{"0":3,"1":3,"2":3,"3":3,"4":3,"5":0,"6":0,"7":0,"8":0,"9":0,"10":0,"11":0,"12":0,"13":0,"14":3,"15":0,"16":0,"17":0,"18":0,"19":0,"20":0,"21":0,"22":0,"23":0,"24":0,"25":3},"f":{"0":0,"1":0,"2":0},"b":{"0":[0,0],"1":[0,0],"2":[0,0],"3":[0,0],"4":[0,0],"5":[0,0]}}
,"E:\\Coding\\assignment\\logistech\\src\\api\\routes\\trucks.ts": {"path":"E:\\Coding\\assignment\\logistech\\src\\api\\routes\\trucks.ts","statementMap":{"0":{"start":{"line":1,"column":0},"end":{"line":1,"column":33}},"1":{"start":{"line":2,"column":0},"end":{"line":2,"column":51}},"2":{"start":{"line":3,"column":0},"end":{"line":3,"column":41}},"3":{"start":{"line":4,"column":0},"end":{"line":4,"column":45}},"4":{"start":{"line":5,"column":0},"end":{"line":5,"column":54}},"5":{"start":{"line":6,"column":0},"end":{"line":6,"column":79}},"6":{"start":{"line":8,"column":15},"end":{"line":8,"column":23}},"7":{"start":{"line":14,"column":0},"end":{"line":27,"column":3}},"8":{"start":{"line":15,"column":2},"end":{"line":26,"column":3}},"9":{"start":{"line":16,"column":15},"end":{"line":16,"column":28}},"10":{"start":{"line":17,"column":21},"end":{"line":17,"column":46}},"11":{"start":{"line":18,"column":4},"end":{"line":18,"column":96}},"12":{"start":{"line":18,"column":36},"end":{"line":18,"column":96}},"13":{"start":{"line":20,"column":18},"end":{"line":20,"column":41}},"14":{"start":{"line":21,"column":15},"end":{"line":21,"column":39}},"15":{"start":{"line":22,"column":4},"end":{"line":22,"column":34}},"16":{"start":{"line":23,"column":4},"end":{"line":23,"column":50}},"17":{"start":{"line":25,"column":4},"end":{"line":25,"column":14}},"18":{"start":{"line":33,"column":0},"end":{"line":45,"column":3}},"19":{"start":{"line":34,"column":2},"end":{"line":44,"column":3}},"20":{"start":{"line":35,"column":15},"end":{"line":35,"column":28}},"21":{"start":{"line":36,"column":46},"end":{"line":36,"column":54}},"22":{"start":{"line":38,"column":16},"end":{"line":38,"column":106}},"23":{"start":{"line":39,"column":15},"end":{"line":39,"column":39}},"24":{"start":{"line":40,"column":15},"end":{"line":40,"column":51}},"25":{"start":{"line":41,"column":4},"end":{"line":41,"column":62}},"26":{"start":{"line":43,"column":4},"end":{"line":43,"column":14}},"27":{"start":{"line":50,"column":0},"end":{"line":59,"column":3}},"28":{"start":{"line":51,"column":2},"end":{"line":58,"column":3}},"29":{"start":{"line":52,"column":31},"end":{"line":52,"column":41}},"30":{"start":{"line":53,"column":15},"end":{"line":53,"column":39}},"31":{"start":{"line":54,"column":15},"end":{"line":54,"column":57}},"32":{"start":{"line":55,"column":4},"end":{"line":55,"column":46}},"33":{"start":{"line":57,"column":4},"end":{"line":57,"column":14}},"34":{"start":{"line":64,"column":0},"end":{"line":79,"column":3}},"35":{"start":{"line":65,"column":2},"end":{"line":78,"column":3}},"36":{"start":{"line":66,"column":15},"end":{"line":66,"column":28}},"37":{"start":{"line":67,"column":15},"end":{"line":67,"column":39}},"38":{"start":{"line":68,"column":18},"end":{"line":68,"column":35}},"39":{"start":{"line":69,"column":4},"end":{"line":69,"column":74}},"40":{"start":{"line":69,"column":16},"end":{"line":69,"column":74}},"41":{"start":{"line":73,"column":19},"end":{"line":73,"column":44}},"42":{"start":{"line":74,"column":20},"end":{"line":74,"column":91}},"43":{"start":{"line":74,"column":47},"end":{"line":74,"column":89}},"44":{"start":{"line":75,"column":4},"end":{"line":75,"column":111}},"45":{"start":{"line":77,"column":4},"end":{"line":77,"column":14}},"46":{"start":{"line":81,"column":0},"end":{"line":81,"column":22}}},"fnMap":{"0":{"name":"(anonymous_0)","decl":{"start":{"line":14,"column":64},"end":{"line":14,"column":69}},"loc":{"start":{"line":14,"column":89},"end":{"line":27,"column":1}}},"1":{"name":"(anonymous_1)","decl":{"start":{"line":33,"column":56},"end":{"line":33,"column":61}},"loc":{"start":{"line":33,"column":81},"end":{"line":45,"column":1}}},"2":{"name":"(anonymous_2)","decl":{"start":{"line":50,"column":41},"end":{"line":50,"column":46}},"loc":{"start":{"line":50,"column":66},"end":{"line":59,"column":1}}},"3":{"name":"(anonymous_3)","decl":{"start":{"line":64,"column":25},"end":{"line":64,"column":26}},"loc":{"start":{"line":64,"column":44},"end":{"line":79,"column":1}}},"4":{"name":"(anonymous_4)","decl":{"start":{"line":74,"column":30},"end":{"line":74,"column":31}},"loc":{"start":{"line":74,"column":47},"end":{"line":74,"column":89}}}},"branchMap":{"0":{"loc":{"start":{"line":18,"column":4},"end":{"line":18,"column":96}},"type":"if","locations":[{"start":{"line":18,"column":4},"end":{"line":18,"column":96}},{"start":{},"end":{}}]},"1":{"loc":{"start":{"line":18,"column":8},"end":{"line":18,"column":34}},"type":"binary-expr","locations":[{"start":{"line":18,"column":8},"end":{"line":18,"column":17}},{"start":{"line":18,"column":21},"end":{"line":18,"column":34}}]},"2":{"loc":{"start":{"line":38,"column":28},"end":{"line":38,"column":80}},"type":"binary-expr","locations":[{"start":{"line":38,"column":28},"end":{"line":38,"column":38}},{"start":{"line":38,"column":42},"end":{"line":38,"column":80}}]},"3":{"loc":{"start":{"line":38,"column":88},"end":{"line":38,"column":105}},"type":"binary-expr","locations":[{"start":{"line":38,"column":88},"end":{"line":38,"column":99}},{"start":{"line":38,"column":103},"end":{"line":38,"column":105}}]},"4":{"loc":{"start":{"line":69,"column":4},"end":{"line":69,"column":74}},"type":"if","locations":[{"start":{"line":69,"column":4},"end":{"line":69,"column":74}},{"start":{},"end":{}}]},"5":{"loc":{"start":{"line":73,"column":19},"end":{"line":73,"column":44}},"type":"binary-expr","locations":[{"start":{"line":73,"column":19},"end":{"line":73,"column":38}},{"start":{"line":73,"column":42},"end":{"line":73,"column":44}}]}},"s":{"0":3,"1":3,"2":3,"3":3,"4":3,"5":3,"6":3,"7":3,"8":0,"9":0,"10":0,"11":0,"12":0,"13":0,"14":0,"15":0,"16":0,"17":0,"18":3,"19":0,"20":0,"21":0,"22":0,"23":0,"24":0,"25":0,"26":0,"27":3,"28":0,"29":0,"30":0,"31":0,"32":0,"33":0,"34":3,"35":0,"36":0,"37":0,"38":0,"39":0,"40":0,"41":0,"42":0,"43":0,"44":0,"45":0,"46":3},"f":{"0":0,"1":0,"2":0,"3":0,"4":0},"b":{"0":[0,0],"1":[0,0],"2":[0,0],"3":[0,0],"4":[0,0],"5":[0,0]}}
,"E:\\Coding\\assignment\\logistech\\src\\api\\routes\\utilization.ts": {"path":"E:\\Coding\\assignment\\logistech\\src\\api\\routes\\utilization.ts","statementMap":{"0":{"start":{"line":1,"column":0},"end":{"line":1,"column":33}},"1":{"start":{"line":2,"column":0},"end":{"line":2,"column":29}},"2":{"start":{"line":4,"column":15},"end":{"line":4,"column":23}},"3":{"start":{"line":14,"column":4},"end":{"line":20,"column":5}},"4":{"start":{"line":15,"column":8},"end":{"line":19,"column":10}},"5":{"start":{"line":22,"column":18},"end":{"line":22,"column":67}},"6":{"start":{"line":22,"column":42},"end":{"line":22,"column":50}},"7":{"start":{"line":23,"column":30},"end":{"line":23,"column":32}},"8":{"start":{"line":25,"column":4},"end":{"line":32,"column":5}},"9":{"start":{"line":26,"column":18},"end":{"line":26,"column":43}},"10":{"start":{"line":27,"column":8},"end":{"line":27,"column":25}},"11":{"start":{"line":27,"column":16},"end":{"line":27,"column":25}},"12":{"start":{"line":28,"column":19},"end":{"line":28,"column":31}},"13":{"start":{"line":29,"column":19},"end":{"line":29,"column":45}},"14":{"start":{"line":30,"column":22},"end":{"line":30,"column":60}},"15":{"start":{"line":31,"column":8},"end":{"line":31,"column":40}},"16":{"start":{"line":35,"column":4},"end":{"line":41,"column":5}},"17":{"start":{"line":36,"column":8},"end":{"line":40,"column":10}},"18":{"start":{"line":42,"column":4},"end":{"line":42,"column":19}},"19":{"start":{"line":52,"column":0},"end":{"line":107,"column":3}},"20":{"start":{"line":53,"column":4},"end":{"line":106,"column":5}},"21":{"start":{"line":54,"column":18},"end":{"line":54,"column":49}},"22":{"start":{"line":55,"column":24},"end":{"line":55,"column":39}},"23":{"start":{"line":58,"column":38},"end":{"line":58,"column":40}},"24":{"start":{"line":59,"column":8},"end":{"line":65,"column":11}},"25":{"start":{"line":60,"column":8},"end":{"line":64,"column":9}},"26":{"start":{"line":61,"column":12},"end":{"line":61,"column":75}},"27":{"start":{"line":63,"column":12},"end":{"line":63,"column":92}},"28":{"start":{"line":66,"column":25},"end":{"line":66,"column":83}},"29":{"start":{"line":69,"column":20},"end":{"line":78,"column":10}},"30":{"start":{"line":80,"column":23},"end":{"line":80,"column":42}},"31":{"start":{"line":83,"column":23},"end":{"line":83,"column":45}},"32":{"start":{"line":84,"column":8},"end":{"line":91,"column":11}},"33":{"start":{"line":85,"column":8},"end":{"line":90,"column":11}},"34":{"start":{"line":94,"column":27},"end":{"line":94,"column":29}},"35":{"start":{"line":95,"column":8},"end":{"line":98,"column":9}},"36":{"start":{"line":96,"column":22},"end":{"line":96,"column":29}},"37":{"start":{"line":97,"column":8},"end":{"line":97,"column":99}},"38":{"start":{"line":99,"column":8},"end":{"line":101,"column":9}},"39":{"start":{"line":100,"column":8},"end":{"line":100,"column":38}},"40":{"start":{"line":103,"column":8},"end":{"line":103,"column":22}},"41":{"start":{"line":105,"column":8},"end":{"line":105,"column":18}},"42":{"start":{"line":109,"column":0},"end":{"line":109,"column":22}}},"fnMap":{"0":{"name":"parseBuckets","decl":{"start":{"line":13,"column":9},"end":{"line":13,"column":21}},"loc":{"start":{"line":13,"column":32},"end":{"line":43,"column":1}}},"1":{"name":"(anonymous_2)","decl":{"start":{"line":22,"column":35},"end":{"line":22,"column":36}},"loc":{"start":{"line":22,"column":42},"end":{"line":22,"column":50}}},"2":{"name":"(anonymous_3)","decl":{"start":{"line":52,"column":16},"end":{"line":52,"column":21}},"loc":{"start":{"line":52,"column":41},"end":{"line":107,"column":1}}},"3":{"name":"(anonymous_4)","decl":{"start":{"line":59,"column":24},"end":{"line":59,"column":25}},"loc":{"start":{"line":59,"column":35},"end":{"line":65,"column":9}}},"4":{"name":"(anonymous_5)","decl":{"start":{"line":84,"column":28},"end":{"line":84,"column":29}},"loc":{"start":{"line":84,"column":39},"end":{"line":91,"column":9}}}},"branchMap":{"0":{"loc":{"start":{"line":14,"column":4},"end":{"line":20,"column":5}},"type":"if","locations":[{"start":{"line":14,"column":4},"end":{"line":20,"column":5}},{"start":{},"end":{}}]},"1":{"loc":{"start":{"line":27,"column":8},"end":{"line":27,"column":25}},"type":"if","locations":[{"start":{"line":27,"column":8},"end":{"line":27,"column":25}},{"start":{},"end":{}}]},"2":{"loc":{"start":{"line":29,"column":19},"end":{"line":29,"column":45}},"type":"cond-expr","locations":[{"start":{"line":29,"column":26},"end":{"line":29,"column":38}},{"start":{"line":29,"column":41},"end":{"line":29,"column":45}}]},"3":{"loc":{"start":{"line":30,"column":22},"end":{"line":30,"column":60}},"type":"cond-expr","locations":[{"start":{"line":30,"column":36},"end":{"line":30,"column":44}},{"start":{"line":30,"column":47},"end":{"line":30,"column":60}}]},"4":{"loc":{"start":{"line":35,"column":4},"end":{"line":41,"column":5}},"type":"if","locations":[{"start":{"line":35,"column":4},"end":{"line":41,"column":5}},{"start":{},"end":{}}]},"5":{"loc":{"start":{"line":54,"column":25},"end":{"line":54,"column":48}},"type":"binary-expr","locations":[{"start":{"line":54,"column":25},"end":{"line":54,"column":42}},{"start":{"line":54,"column":46},"end":{"line":54,"column":48}}]},"6":{"loc":{"start":{"line":60,"column":8},"end":{"line":64,"column":9}},"type":"if","locations":[{"start":{"line":60,"column":8},"end":{"line":64,"column":9}},{"start":{"line":62,"column":15},"end":{"line":64,"column":9}}]},"7":{"loc":{"start":{"line":89,"column":36},"end":{"line":89,"column":51}},"type":"binary-expr","locations":[{"start":{"line":89,"column":36},"end":{"line":89,"column":46}},{"start":{"line":89,"column":50},"end":{"line":89,"column":51}}]},"8":{"loc":{"start":{"line":97,"column":17},"end":{"line":97,"column":97}},"type":"binary-expr","locations":[{"start":{"line":97,"column":17},"end":{"line":97,"column":34}},{"start":{"line":97,"column":38},"end":{"line":97,"column":97}}]},"9":{"loc":{"start":{"line":99,"column":8},"end":{"line":101,"column":9}},"type":"if","locations":[{"start":{"line":99,"column":8},"end":{"line":101,"column":9}},{"start":{},"end":{}}]}},"s":{"0":3,"1":3,"2":3,"3":0,"4":0,"5":0,"6":0,"7":0,"8":0,"9":0,"10":0,"11":0,"12":0,"13":0,"14":0,"15":0,"16":0,"17":0,"18":0,"19":3,"20":0,"21":0,"22":0,"23":0,"24":0,"25":0,"26":0,"27":0,"28":0,"29":0,"30":0,"31":0,"32":0,"33":0,"34":0,"35":0,"36":0,"37":0,"38":0,"39":0,"40":0,"41":0,"42":3},"f":{"0":0,"1":0,"2":0,"3":0,"4":0},"b":{"0":[0,0],"1":[0,0],"2":[0,0],"3":[0,0],"4":[0,0],"5":[0,0],"6":[0,0],"7":[0,0],"8":[0,0],"9":[0,0]}}
,"E:\\Coding\\assignment\\logistech\\src\\api\\schemas\\packageSchemas.ts": {"path":"E:\\Coding\\assignment\\logistech\\src\\api\\schemas\\packageSchemas.ts","statementMap":{"0":{"start":{"line":1,"column":0},"end":{"line":1,"column":24}},"1":{"start":{"line":3,"column":13},"end":{"line":7,"column":3}}},"fnMap":{},"branchMap":{},"s":{"0":3,"1":3},"f":{},"b":{}}
,"E:\\Coding\\assignment\\logistech\\src\\api\\schemas\\truckSchemas.ts": {"path":"E:\\Coding\\assignment\\logistech\\src\\api\\schemas\\truckSchemas.ts","statementMap":{"0":{"start":{"line":2,"column":0},"end":{"line":2,"column":24}},"1":{"start":{"line":4,"column":13},"end":{"line":6,"column":3}},"2":{"start":{"line":8,"column":13},"end":{"line":12,"column":3}}},"fnMap":{},"branchMap":{},"s":{"0":3,"1":3,"2":3},"f":{},"b":{}}
,"E:\\Coding\\assignment\\logistech\\src\\core\\LogiMaster.ts": {"path":"E:\\Coding\\assignment\\logistech\\src\\core\\LogiMaster.ts","statementMap":{"0":{"start":{"line":1,"column":0},"end":{"line":1,"column":42}},"1":{"start":{"line":3,"column":0},"end":{"line":3,"column":44}},"2":{"start":{"line":4,"column":0},"end":{"line":4,"column":32}},"3":{"start":{"line":5,"column":0},"end":{"line":5,"column":26}},"4":{"start":{"line":10,"column":9},"end":{"line":10,"column":41}},"5":{"start":{"line":11,"column":9},"end":{"line":11,"column":52}},"6":{"start":{"line":12,"column":9},"end":{"line":12,"column":48}},"7":{"start":{"line":17,"column":4},"end":{"line":19,"column":5}},"8":{"start":{"line":18,"column":6},"end":{"line":18,"column":45}},"9":{"start":{"line":20,"column":4},"end":{"line":20,"column":31}},"10":{"start":{"line":27,"column":4},"end":{"line":27,"column":64}},"11":{"start":{"line":32,"column":16},"end":{"line":33,"column":null}},"12":{"start":{"line":36,"column":31},"end":{"line":41,"column":6}},"13":{"start":{"line":37,"column":16},"end":{"line":37,"column":91}},"14":{"start":{"line":39,"column":6},"end":{"line":39,"column":37}},"15":{"start":{"line":40,"column":6},"end":{"line":40,"column":15}},"16":{"start":{"line":43,"column":4},"end":{"line":43,"column":29}},"17":{"start":{"line":47,"column":4},"end":{"line":47,"column":52}},"18":{"start":{"line":47,"column":40},"end":{"line":47,"column":52}},"19":{"start":{"line":49,"column":17},"end":{"line":49,"column":34}},"20":{"start":{"line":50,"column":15},"end":{"line":50,"column":16}},"21":{"start":{"line":51,"column":14},"end":{"line":51,"column":29}},"22":{"start":{"line":52,"column":36},"end":{"line":52,"column":40}},"23":{"start":{"line":54,"column":4},"end":{"line":62,"column":5}},"24":{"start":{"line":55,"column":18},"end":{"line":55,"column":48}},"25":{"start":{"line":56,"column":6},"end":{"line":61,"column":7}},"26":{"start":{"line":57,"column":8},"end":{"line":57,"column":27}},"27":{"start":{"line":58,"column":8},"end":{"line":58,"column":24}},"28":{"start":{"line":60,"column":8},"end":{"line":60,"column":23}},"29":{"start":{"line":63,"column":4},"end":{"line":63,"column":18}},"30":{"start":{"line":71,"column":16},"end":{"line":71,"column":45}},"31":{"start":{"line":72,"column":4},"end":{"line":72,"column":27}},"32":{"start":{"line":72,"column":14},"end":{"line":72,"column":27}},"33":{"start":{"line":75,"column":21},"end":{"line":75,"column":47}},"34":{"start":{"line":76,"column":4},"end":{"line":76,"column":32}},"35":{"start":{"line":76,"column":19},"end":{"line":76,"column":32}},"36":{"start":{"line":78,"column":19},"end":{"line":78,"column":39}},"37":{"start":{"line":79,"column":4},"end":{"line":118,"column":5}},"38":{"start":{"line":80,"column":6},"end":{"line":80,"column":34}},"39":{"start":{"line":83,"column":18},"end":{"line":88,"column":null}},"40":{"start":{"line":91,"column":6},"end":{"line":97,"column":7}},"41":{"start":{"line":93,"column":8},"end":{"line":93,"column":39}},"42":{"start":{"line":95,"column":8},"end":{"line":95,"column":33}},"43":{"start":{"line":96,"column":8},"end":{"line":96,"column":21}},"44":{"start":{"line":99,"column":6},"end":{"line":103,"column":8}},"45":{"start":{"line":105,"column":6},"end":{"line":105,"column":35}},"46":{"start":{"line":106,"column":6},"end":{"line":106,"column":18}},"47":{"start":{"line":108,"column":6},"end":{"line":112,"column":7}},"48":{"start":{"line":109,"column":8},"end":{"line":109,"column":39}},"49":{"start":{"line":114,"column":6},"end":{"line":114,"column":31}},"50":{"start":{"line":115,"column":6},"end":{"line":115,"column":19}},"51":{"start":{"line":117,"column":6},"end":{"line":117,"column":23}},"52":{"start":{"line":124,"column":23},"end":{"line":124,"column":43}},"53":{"start":{"line":125,"column":8},"end":{"line":139,"column":9}},"54":{"start":{"line":126,"column":12},"end":{"line":126,"column":40}},"55":{"start":{"line":127,"column":12},"end":{"line":132,"column":14}},"56":{"start":{"line":133,"column":12},"end":{"line":133,"column":41}},"57":{"start":{"line":135,"column":12},"end":{"line":135,"column":43}},"58":{"start":{"line":136,"column":12},"end":{"line":136,"column":22}},"59":{"start":{"line":138,"column":12},"end":{"line":138,"column":29}},"60":{"start":{"line":142,"column":8},"end":{"line":142,"column":46}},"61":{"start":{"line":148,"column":20},"end":{"line":148,"column":81}},"62":{"start":{"line":149,"column":8},"end":{"line":157,"column":9}},"63":{"start":{"line":150,"column":22},"end":{"line":150,"column":63}},"64":{"start":{"line":151,"column":12},"end":{"line":155,"column":13}},"65":{"start":{"line":152,"column":15},"end":{"line":152,"column":54}},"66":{"start":{"line":154,"column":15},"end":{"line":154,"column":52}},"67":{"start":{"line":156,"column":12},"end":{"line":156,"column":43}},"68":{"start":{"line":166,"column":20},"end":{"line":166,"column":44}},"69":{"start":{"line":167,"column":6},"end":{"line":167,"column":31}},"70":{"start":{"line":167,"column":18},"end":{"line":167,"column":31}},"71":{"start":{"line":170,"column":23},"end":{"line":170,"column":45}},"72":{"start":{"line":171,"column":6},"end":{"line":171,"column":34}},"73":{"start":{"line":171,"column":21},"end":{"line":171,"column":34}},"74":{"start":{"line":173,"column":21},"end":{"line":173,"column":41}},"75":{"start":{"line":174,"column":6},"end":{"line":207,"column":7}},"76":{"start":{"line":175,"column":10},"end":{"line":175,"column":38}},"77":{"start":{"line":178,"column":22},"end":{"line":180,"column":null}},"78":{"start":{"line":183,"column":10},"end":{"line":189,"column":11}},"79":{"start":{"line":185,"column":12},"end":{"line":185,"column":43}},"80":{"start":{"line":186,"column":12},"end":{"line":186,"column":31}},"81":{"start":{"line":187,"column":12},"end":{"line":187,"column":29}},"82":{"start":{"line":188,"column":12},"end":{"line":188,"column":25}},"83":{"start":{"line":192,"column":10},"end":{"line":196,"column":12}},"84":{"start":{"line":198,"column":10},"end":{"line":198,"column":39}},"85":{"start":{"line":199,"column":10},"end":{"line":199,"column":22}},"86":{"start":{"line":201,"column":10},"end":{"line":201,"column":75}},"87":{"start":{"line":201,"column":16},"end":{"line":201,"column":47}},"88":{"start":{"line":203,"column":10},"end":{"line":203,"column":29}},"89":{"start":{"line":204,"column":10},"end":{"line":204,"column":23}},"90":{"start":{"line":206,"column":10},"end":{"line":206,"column":27}},"91":{"start":{"line":211,"column":22},"end":{"line":211,"column":46}},"92":{"start":{"line":212,"column":8},"end":{"line":212,"column":33}},"93":{"start":{"line":212,"column":20},"end":{"line":212,"column":33}},"94":{"start":{"line":216,"column":10},"end":{"line":216,"column":100}},"95":{"start":{"line":218,"column":8},"end":{"line":218,"column":34}},"96":{"start":{"line":218,"column":21},"end":{"line":218,"column":34}},"97":{"start":{"line":220,"column":23},"end":{"line":220,"column":43}},"98":{"start":{"line":221,"column":8},"end":{"line":275,"column":9}},"99":{"start":{"line":222,"column":10},"end":{"line":222,"column":38}},"100":{"start":{"line":225,"column":26},"end":{"line":231,"column":null}},"101":{"start":{"line":234,"column":10},"end":{"line":240,"column":11}},"102":{"start":{"line":237,"column":12},"end":{"line":237,"column":38}},"103":{"start":{"line":238,"column":12},"end":{"line":238,"column":43}},"104":{"start":{"line":239,"column":12},"end":{"line":239,"column":25}},"105":{"start":{"line":242,"column":22},"end":{"line":242,"column":37}},"106":{"start":{"line":243,"column":27},"end":{"line":243,"column":33}},"107":{"start":{"line":244,"column":25},"end":{"line":244,"column":46}},"108":{"start":{"line":247,"column":10},"end":{"line":252,"column":12}},"109":{"start":{"line":255,"column":10},"end":{"line":260,"column":12}},"110":{"start":{"line":262,"column":10},"end":{"line":262,"column":39}},"111":{"start":{"line":263,"column":10},"end":{"line":263,"column":22}},"112":{"start":{"line":265,"column":10},"end":{"line":269,"column":11}},"113":{"start":{"line":266,"column":12},"end":{"line":266,"column":43}},"114":{"start":{"line":271,"column":10},"end":{"line":271,"column":36}},"115":{"start":{"line":272,"column":10},"end":{"line":272,"column":23}},"116":{"start":{"line":274,"column":10},"end":{"line":274,"column":27}},"117":{"start":{"line":283,"column":4},"end":{"line":283,"column":36}},"118":{"start":{"line":287,"column":4},"end":{"line":287,"column":40}},"119":{"start":{"line":7,"column":0},"end":{"line":7,"column":13}},"120":{"start":{"line":8,"column":17},"end":{"line":8,"column":52}}},"fnMap":{"0":{"name":"(anonymous_1)","decl":{"start":{"line":14,"column":2},"end":{"line":14,"column":25}},"loc":{"start":{"line":14,"column":2},"end":{"line":14,"column":26}}},"1":{"name":"(anonymous_2)","decl":{"start":{"line":16,"column":9},"end":{"line":16,"column":15}},"loc":{"start":{"line":16,"column":27},"end":{"line":21,"column":3}}},"2":{"name":"(anonymous_3)","decl":{"start":{"line":26,"column":2},"end":{"line":26,"column":18}},"loc":{"start":{"line":26,"column":37},"end":{"line":28,"column":3}}},"3":{"name":"(anonymous_4)","decl":{"start":{"line":31,"column":2},"end":{"line":31,"column":7}},"loc":{"start":{"line":31,"column":30},"end":{"line":44,"column":3}}},"4":{"name":"(anonymous_5)","decl":{"start":{"line":36,"column":44},"end":{"line":36,"column":45}},"loc":{"start":{"line":36,"column":55},"end":{"line":41,"column":5}}},"5":{"name":"(anonymous_6)","decl":{"start":{"line":46,"column":2},"end":{"line":46,"column":16}},"loc":{"start":{"line":46,"column":29},"end":{"line":64,"column":3}}},"6":{"name":"(anonymous_7)","decl":{"start":{"line":70,"column":2},"end":{"line":70,"column":7}},"loc":{"start":{"line":70,"column":39},"end":{"line":119,"column":3}}},"7":{"name":"(anonymous_8)","decl":{"start":{"line":123,"column":4},"end":{"line":123,"column":9}},"loc":{"start":{"line":123,"column":36},"end":{"line":143,"column":5}}},"8":{"name":"(anonymous_9)","decl":{"start":{"line":147,"column":4},"end":{"line":147,"column":9}},"loc":{"start":{"line":147,"column":26},"end":{"line":158,"column":5}}},"9":{"name":"(anonymous_10)","decl":{"start":{"line":165,"column":2},"end":{"line":165,"column":7}},"loc":{"start":{"line":165,"column":56},"end":{"line":208,"column":3}}},"10":{"name":"(anonymous_11)","decl":{"start":{"line":210,"column":4},"end":{"line":210,"column":9}},"loc":{"start":{"line":210,"column":63},"end":{"line":276,"column":5}}},"11":{"name":"(anonymous_12)","decl":{"start":{"line":282,"column":2},"end":{"line":282,"column":16}},"loc":{"start":{"line":282,"column":29},"end":{"line":284,"column":3}}},"12":{"name":"(anonymous_13)","decl":{"start":{"line":286,"column":2},"end":{"line":286,"column":16}},"loc":{"start":{"line":286,"column":16},"end":{"line":288,"column":3}}}},"branchMap":{"0":{"loc":{"start":{"line":17,"column":4},"end":{"line":19,"column":5}},"type":"if","locations":[{"start":{"line":17,"column":4},"end":{"line":19,"column":5}},{"start":{},"end":{}}]},"1":{"loc":{"start":{"line":37,"column":69},"end":{"line":37,"column":90}},"type":"binary-expr","locations":[{"start":{"line":37,"column":69},"end":{"line":37,"column":84}},{"start":{"line":37,"column":88},"end":{"line":37,"column":90}}]},"2":{"loc":{"start":{"line":39,"column":23},"end":{"line":39,"column":34}},"type":"binary-expr","locations":[{"start":{"line":39,"column":23},"end":{"line":39,"column":29}},{"start":{"line":39,"column":33},"end":{"line":39,"column":34}}]},"3":{"loc":{"start":{"line":47,"column":4},"end":{"line":47,"column":52}},"type":"if","locations":[{"start":{"line":47,"column":4},"end":{"line":47,"column":52}},{"start":{},"end":{}}]},"4":{"loc":{"start":{"line":56,"column":6},"end":{"line":61,"column":7}},"type":"if","locations":[{"start":{"line":56,"column":6},"end":{"line":61,"column":7}},{"start":{"line":59,"column":13},"end":{"line":61,"column":7}}]},"5":{"loc":{"start":{"line":72,"column":4},"end":{"line":72,"column":27}},"type":"if","locations":[{"start":{"line":72,"column":4},"end":{"line":72,"column":27}},{"start":{},"end":{}}]},"6":{"loc":{"start":{"line":76,"column":4},"end":{"line":76,"column":32}},"type":"if","locations":[{"start":{"line":76,"column":4},"end":{"line":76,"column":32}},{"start":{},"end":{}}]},"7":{"loc":{"start":{"line":91,"column":6},"end":{"line":97,"column":7}},"type":"if","locations":[{"start":{"line":91,"column":6},"end":{"line":97,"column":7}},{"start":{},"end":{}}]},"8":{"loc":{"start":{"line":131,"column":46},"end":{"line":131,"column":81}},"type":"cond-expr","locations":[{"start":{"line":131,"column":62},"end":{"line":131,"column":77}},{"start":{"line":131,"column":80},"end":{"line":131,"column":81}}]},"9":{"loc":{"start":{"line":151,"column":12},"end":{"line":155,"column":13}},"type":"if","locations":[{"start":{"line":151,"column":12},"end":{"line":155,"column":13}},{"start":{"line":153,"column":19},"end":{"line":155,"column":13}}]},"10":{"loc":{"start":{"line":152,"column":40},"end":{"line":152,"column":51}},"type":"binary-expr","locations":[{"start":{"line":152,"column":40},"end":{"line":152,"column":46}},{"start":{"line":152,"column":50},"end":{"line":152,"column":51}}]},"11":{"loc":{"start":{"line":154,"column":39},"end":{"line":154,"column":50}},"type":"binary-expr","locations":[{"start":{"line":154,"column":39},"end":{"line":154,"column":45}},{"start":{"line":154,"column":49},"end":{"line":154,"column":50}}]},"12":{"loc":{"start":{"line":167,"column":6},"end":{"line":167,"column":31}},"type":"if","locations":[{"start":{"line":167,"column":6},"end":{"line":167,"column":31}},{"start":{},"end":{}}]},"13":{"loc":{"start":{"line":171,"column":6},"end":{"line":171,"column":34}},"type":"if","locations":[{"start":{"line":171,"column":6},"end":{"line":171,"column":34}},{"start":{},"end":{}}]},"14":{"loc":{"start":{"line":183,"column":10},"end":{"line":189,"column":11}},"type":"if","locations":[{"start":{"line":183,"column":10},"end":{"line":189,"column":11}},{"start":{},"end":{}}]},"15":{"loc":{"start":{"line":195,"column":48},"end":{"line":195,"column":71}},"type":"binary-expr","locations":[{"start":{"line":195,"column":48},"end":{"line":195,"column":63}},{"start":{"line":195,"column":67},"end":{"line":195,"column":71}}]},"16":{"loc":{"start":{"line":212,"column":8},"end":{"line":212,"column":33}},"type":"if","locations":[{"start":{"line":212,"column":8},"end":{"line":212,"column":33}},{"start":{},"end":{}}]},"17":{"loc":{"start":{"line":216,"column":10},"end":{"line":216,"column":100}},"type":"cond-expr","locations":[{"start":{"line":216,"column":59},"end":{"line":216,"column":93}},{"start":{"line":216,"column":96},"end":{"line":216,"column":100}}]},"18":{"loc":{"start":{"line":218,"column":8},"end":{"line":218,"column":34}},"type":"if","locations":[{"start":{"line":218,"column":8},"end":{"line":218,"column":34}},{"start":{},"end":{}}]},"19":{"loc":{"start":{"line":234,"column":10},"end":{"line":240,"column":11}},"type":"if","locations":[{"start":{"line":234,"column":10},"end":{"line":240,"column":11}},{"start":{},"end":{}}]},"20":{"loc":{"start":{"line":244,"column":32},"end":{"line":244,"column":45}},"type":"binary-expr","locations":[{"start":{"line":244,"column":32},"end":{"line":244,"column":40}},{"start":{"line":244,"column":44},"end":{"line":244,"column":45}}]}},"s":{"0":5,"1":5,"2":5,"3":5,"4":4,"5":4,"6":4,"7":6,"8":4,"9":6,"10":4,"11":2,"12":1,"13":200,"14":200,"15":200,"16":1,"17":8,"18":0,"19":8,"20":8,"21":8,"22":8,"23":8,"24":15,"25":15,"26":9,"27":9,"28":6,"29":8,"30":2,"31":2,"32":0,"33":2,"34":2,"35":0,"36":2,"37":2,"38":2,"39":1,"40":1,"41":0,"42":0,"43":0,"44":1,"45":1,"46":1,"47":1,"48":1,"49":1,"50":1,"51":2,"52":0,"53":0,"54":0,"55":0,"56":0,"57":0,"58":0,"59":0,"60":0,"61":1,"62":1,"63":2,"64":2,"65":2,"66":0,"67":2,"68":0,"69":0,"70":0,"71":0,"72":0,"73":0,"74":0,"75":0,"76":0,"77":0,"78":0,"79":0,"80":0,"81":0,"82":0,"83":0,"84":0,"85":0,"86":0,"87":0,"88":0,"89":0,"90":0,"91":0,"92":0,"93":0,"94":0,"95":0,"96":0,"97":0,"98":0,"99":0,"100":0,"101":0,"102":0,"103":0,"104":0,"105":0,"106":0,"107":0,"108":0,"109":0,"110":0,"111":0,"112":0,"113":0,"114":0,"115":0,"116":0,"117":0,"118":0,"119":5,"120":5},"f":{"0":4,"1":6,"2":4,"3":2,"4":200,"5":8,"6":2,"7":0,"8":1,"9":0,"10":0,"11":0,"12":0},"b":{"0":[4,2],"1":[200,0],"2":[200,199],"3":[0,8],"4":[9,6],"5":[0,2],"6":[0,2],"7":[0,1],"8":[0,0],"9":[2,0],"10":[2,1],"11":[0,0],"12":[0,0],"13":[0,0],"14":[0,0],"15":[0,0],"16":[0,0],"17":[0,0],"18":[0,0],"19":[0,0],"20":[0,0]}}
,"E:\\Coding\\assignment\\logistech\\src\\core\\Package.ts": {"path":"E:\\Coding\\assignment\\logistech\\src\\core\\Package.ts","statementMap":{"0":{"start":{"line":7,"column":8},"end":{"line":7,"column":37}},"1":{"start":{"line":8,"column":8},"end":{"line":8,"column":25}},"2":{"start":{"line":9,"column":8},"end":{"line":9,"column":39}},"3":{"start":{"line":1,"column":0},"end":{"line":1,"column":13}}},"fnMap":{"0":{"name":"(anonymous_0)","decl":{"start":{"line":6,"column":4},"end":{"line":6,"column":16}},"loc":{"start":{"line":6,"column":69},"end":{"line":10,"column":5}}}},"branchMap":{},"s":{"0":25,"1":25,"2":25,"3":6},"f":{"0":25},"b":{}}
,"E:\\Coding\\assignment\\logistech\\src\\core\\SimpleQueue.ts": {"path":"E:\\Coding\\assignment\\logistech\\src\\core\\SimpleQueue.ts","statementMap":{"0":{"start":{"line":2,"column":10},"end":{"line":2,"column":26}},"1":{"start":{"line":3,"column":10},"end":{"line":3,"column":27}},"2":{"start":{"line":5,"column":21},"end":{"line":5,"column":43}},"3":{"start":{"line":8,"column":4},"end":{"line":10,"column":5}},"4":{"start":{"line":9,"column":6},"end":{"line":9,"column":68}},"5":{"start":{"line":9,"column":32},"end":{"line":9,"column":68}},"6":{"start":{"line":11,"column":4},"end":{"line":11,"column":29}},"7":{"start":{"line":14,"column":19},"end":{"line":14,"column":65}},"8":{"start":{"line":16,"column":23},"end":{"line":16,"column":48}},"9":{"start":{"line":1,"column":0},"end":{"line":1,"column":13}}},"fnMap":{"0":{"name":"(anonymous_0)","decl":{"start":{"line":1,"column":0},"end":{"line":1,"column":13}},"loc":{"start":{"line":1,"column":0},"end":{"line":17,"column":1}}},"1":{"name":"(anonymous_1)","decl":{"start":{"line":5,"column":2},"end":{"line":5,"column":9}},"loc":{"start":{"line":5,"column":17},"end":{"line":5,"column":45}}},"2":{"name":"(anonymous_2)","decl":{"start":{"line":7,"column":2},"end":{"line":7,"column":9}},"loc":{"start":{"line":7,"column":9},"end":{"line":12,"column":3}}},"3":{"name":"(anonymous_3)","decl":{"start":{"line":14,"column":2},"end":{"line":14,"column":6}},"loc":{"start":{"line":14,"column":6},"end":{"line":14,"column":67}}},"4":{"name":"(anonymous_4)","decl":{"start":{"line":16,"column":2},"end":{"line":16,"column":9}},"loc":{"start":{"line":16,"column":9},"end":{"line":16,"column":50}}}},"branchMap":{"0":{"loc":{"start":{"line":8,"column":4},"end":{"line":10,"column":5}},"type":"if","locations":[{"start":{"line":8,"column":4},"end":{"line":10,"column":5}},{"start":{},"end":{}}]}},"s":{"0":6,"1":6,"2":5,"3":6,"4":4,"5":5,"6":6,"7":4,"8":3,"9":6},"f":{"0":6,"1":5,"2":6,"3":4,"4":3},"b":{"0":[4,2]}}
,"E:\\Coding\\assignment\\logistech\\src\\core\\StorageBin.ts": {"path":"E:\\Coding\\assignment\\logistech\\src\\core\\StorageBin.ts","statementMap":{"0":{"start":{"line":1,"column":0},"end":{"line":1,"column":44}},"1":{"start":{"line":8,"column":8},"end":{"line":8,"column":24}},"2":{"start":{"line":9,"column":8},"end":{"line":9,"column":27}},"3":{"start":{"line":10,"column":8},"end":{"line":10,"column":41}},"4":{"start":{"line":14,"column":8},"end":{"line":17,"column":9}},"5":{"start":{"line":15,"column":12},"end":{"line":15,"column":32}},"6":{"start":{"line":16,"column":12},"end":{"line":16,"column":24}},"7":{"start":{"line":18,"column":8},"end":{"line":18,"column":21}},"8":{"start":{"line":22,"column":8},"end":{"line":22,"column":52}},"9":{"start":{"line":30,"column":8},"end":{"line":30,"column":33}},"10":{"start":{"line":30,"column":23},"end":{"line":30,"column":33}},"11":{"start":{"line":31,"column":8},"end":{"line":31,"column":57}},"12":{"start":{"line":31,"column":35},"end":{"line":31,"column":57}},"13":{"start":{"line":32,"column":8},"end":{"line":32,"column":26}},"14":{"start":{"line":36,"column":8},"end":{"line":36,"column":39}},"15":{"start":{"line":3,"column":0},"end":{"line":3,"column":13}}},"fnMap":{"0":{"name":"(anonymous_0)","decl":{"start":{"line":7,"column":4},"end":{"line":7,"column":16}},"loc":{"start":{"line":7,"column":66},"end":{"line":11,"column":5}}},"1":{"name":"(anonymous_1)","decl":{"start":{"line":13,"column":4},"end":{"line":13,"column":16}},"loc":{"start":{"line":13,"column":31},"end":{"line":19,"column":5}}},"2":{"name":"(anonymous_2)","decl":{"start":{"line":21,"column":4},"end":{"line":21,"column":14}},"loc":{"start":{"line":21,"column":29},"end":{"line":23,"column":5}}},"3":{"name":"(anonymous_3)","decl":{"start":{"line":29,"column":4},"end":{"line":29,"column":11}},"loc":{"start":{"line":29,"column":25},"end":{"line":33,"column":5}}},"4":{"name":"(anonymous_4)","decl":{"start":{"line":35,"column":4},"end":{"line":35,"column":10}},"loc":{"start":{"line":35,"column":57},"end":{"line":37,"column":5}}}},"branchMap":{"0":{"loc":{"start":{"line":7,"column":49},"end":{"line":7,"column":66}},"type":"default-arg","locations":[{"start":{"line":7,"column":64},"end":{"line":7,"column":66}}]},"1":{"loc":{"start":{"line":14,"column":8},"end":{"line":17,"column":9}},"type":"if","locations":[{"start":{"line":14,"column":8},"end":{"line":17,"column":9}},{"start":{},"end":{}}]},"2":{"loc":{"start":{"line":30,"column":8},"end":{"line":30,"column":33}},"type":"if","locations":[{"start":{"line":30,"column":8},"end":{"line":30,"column":33}},{"start":{},"end":{}}]},"3":{"loc":{"start":{"line":31,"column":8},"end":{"line":31,"column":57}},"type":"if","locations":[{"start":{"line":31,"column":8},"end":{"line":31,"column":57}},{"start":{},"end":{}}]}},"s":{"0":5,"1":209,"2":209,"3":209,"4":2,"5":2,"6":2,"7":0,"8":1,"9":200,"10":0,"11":200,"12":0,"13":200,"14":5,"15":5},"f":{"0":209,"1":2,"2":1,"3":200,"4":5},"b":{"0":[9],"1":[2,0],"2":[0,200],"3":[0,200]}}
,"E:\\Coding\\assignment\\logistech\\src\\core\\StorageUnit.ts": {"path":"E:\\Coding\\assignment\\logistech\\src\\core\\StorageUnit.ts","statementMap":{"0":{"start":{"line":6,"column":8},"end":{"line":6,"column":33}},"1":{"start":{"line":7,"column":8},"end":{"line":7,"column":22}},"2":{"start":{"line":14,"column":8},"end":{"line":14,"column":41}},"3":{"start":{"line":1,"column":0},"end":{"line":1,"column":22}}},"fnMap":{"0":{"name":"(anonymous_0)","decl":{"start":{"line":5,"column":4},"end":{"line":5,"column":16}},"loc":{"start":{"line":5,"column":32},"end":{"line":8,"column":5}}},"1":{"name":"(anonymous_1)","decl":{"start":{"line":13,"column":4},"end":{"line":13,"column":16}},"loc":{"start":{"line":13,"column":16},"end":{"line":15,"column":5}}}},"branchMap":{},"s":{"0":213,"1":213,"2":14,"3":6},"f":{"0":213,"1":14},"b":{}}
,"E:\\Coding\\assignment\\logistech\\src\\core\\Truck.ts": {"path":"E:\\Coding\\assignment\\logistech\\src\\core\\Truck.ts","statementMap":{"0":{"start":{"line":1,"column":0},"end":{"line":1,"column":44}},"1":{"start":{"line":9,"column":8},"end":{"line":9,"column":24}},"2":{"start":{"line":6,"column":12},"end":{"line":6,"column":35}},"3":{"start":{"line":10,"column":8},"end":{"line":10,"column":31}},"4":{"start":{"line":14,"column":8},"end":{"line":14,"column":38}},"5":{"start":{"line":14,"column":25},"end":{"line":14,"column":38}},"6":{"start":{"line":15,"column":8},"end":{"line":18,"column":9}},"7":{"start":{"line":16,"column":12},"end":{"line":16,"column":32}},"8":{"start":{"line":17,"column":12},"end":{"line":17,"column":24}},"9":{"start":{"line":19,"column":8},"end":{"line":19,"column":21}},"10":{"start":{"line":23,"column":8},"end":{"line":23,"column":51}},"11":{"start":{"line":27,"column":8},"end":{"line":30,"column":9}},"12":{"start":{"line":28,"column":12},"end":{"line":28,"column":33}},"13":{"start":{"line":29,"column":12},"end":{"line":29,"column":24}},"14":{"start":{"line":31,"column":8},"end":{"line":31,"column":21}},"15":{"start":{"line":35,"column":18},"end":{"line":35,"column":34}},"16":{"start":{"line":36,"column":8},"end":{"line":36,"column":38}},"17":{"start":{"line":36,"column":14},"end":{"line":36,"column":38}},"18":{"start":{"line":37,"column":8},"end":{"line":37,"column":17}},"19":{"start":{"line":41,"column":32},"end":{"line":41,"column":34}},"20":{"start":{"line":42,"column":8},"end":{"line":50,"column":9}},"21":{"start":{"line":43,"column":22},"end":{"line":43,"column":40}},"22":{"start":{"line":44,"column":12},"end":{"line":49,"column":13}},"23":{"start":{"line":45,"column":16},"end":{"line":45,"column":68}},"24":{"start":{"line":45,"column":36},"end":{"line":45,"column":66}},"25":{"start":{"line":46,"column":16},"end":{"line":46,"column":28}},"26":{"start":{"line":48,"column":16},"end":{"line":48,"column":29}},"27":{"start":{"line":52,"column":8},"end":{"line":52,"column":57}},"28":{"start":{"line":52,"column":27},"end":{"line":52,"column":57}},"29":{"start":{"line":53,"column":8},"end":{"line":53,"column":56}},"30":{"start":{"line":61,"column":32},"end":{"line":61,"column":34}},"31":{"start":{"line":62,"column":36},"end":{"line":62,"column":40}},"32":{"start":{"line":64,"column":8},"end":{"line":72,"column":9}},"33":{"start":{"line":65,"column":22},"end":{"line":65,"column":40}},"34":{"start":{"line":66,"column":12},"end":{"line":71,"column":13}},"35":{"start":{"line":67,"column":12},"end":{"line":67,"column":22}},"36":{"start":{"line":68,"column":12},"end":{"line":68,"column":18}},"37":{"start":{"line":70,"column":12},"end":{"line":70,"column":25}},"38":{"start":{"line":75,"column":8},"end":{"line":77,"column":9}},"39":{"start":{"line":76,"column":12},"end":{"line":76,"column":42}},"40":{"start":{"line":79,"column":8},"end":{"line":79,"column":21}},"41":{"start":{"line":84,"column":8},"end":{"line":84,"column":33}},"42":{"start":{"line":84,"column":23},"end":{"line":84,"column":33}},"43":{"start":{"line":85,"column":8},"end":{"line":85,"column":57}},"44":{"start":{"line":85,"column":35},"end":{"line":85,"column":57}},"45":{"start":{"line":86,"column":9},"end":{"line":86,"column":35}},"46":{"start":{"line":89,"column":8},"end":{"line":89,"column":25}},"47":{"start":{"line":94,"column":8},"end":{"line":97,"column":12}},"48":{"start":{"line":94,"column":36},"end":{"line":97,"column":10}},"49":{"start":{"line":4,"column":0},"end":{"line":4,"column":13}}},"fnMap":{"0":{"name":"(anonymous_0)","decl":{"start":{"line":8,"column":4},"end":{"line":8,"column":16}},"loc":{"start":{"line":8,"column":50},"end":{"line":11,"column":5}}},"1":{"name":"(anonymous_1)","decl":{"start":{"line":13,"column":4},"end":{"line":13,"column":16}},"loc":{"start":{"line":13,"column":31},"end":{"line":20,"column":5}}},"2":{"name":"(anonymous_2)","decl":{"start":{"line":22,"column":4},"end":{"line":22,"column":14}},"loc":{"start":{"line":22,"column":29},"end":{"line":24,"column":5}}},"3":{"name":"(anonymous_3)","decl":{"start":{"line":26,"column":4},"end":{"line":26,"column":15}},"loc":{"start":{"line":26,"column":28},"end":{"line":32,"column":5}}},"4":{"name":"(anonymous_4)","decl":{"start":{"line":34,"column":4},"end":{"line":34,"column":14}},"loc":{"start":{"line":34,"column":14},"end":{"line":38,"column":5}}},"5":{"name":"(anonymous_5)","decl":{"start":{"line":40,"column":4},"end":{"line":40,"column":16}},"loc":{"start":{"line":40,"column":41},"end":{"line":54,"column":5}}},"6":{"name":"(anonymous_6)","decl":{"start":{"line":60,"column":11},"end":{"line":60,"column":19}},"loc":{"start":{"line":60,"column":44},"end":{"line":80,"column":5}}},"7":{"name":"(anonymous_7)","decl":{"start":{"line":83,"column":11},"end":{"line":83,"column":18}},"loc":{"start":{"line":83,"column":32},"end":{"line":87,"column":5}}},"8":{"name":"(anonymous_8)","decl":{"start":{"line":88,"column":11},"end":{"line":88,"column":18}},"loc":{"start":{"line":88,"column":18},"end":{"line":90,"column":5}}},"9":{"name":"(anonymous_9)","decl":{"start":{"line":93,"column":11},"end":{"line":93,"column":26}},"loc":{"start":{"line":93,"column":26},"end":{"line":98,"column":5}}},"10":{"name":"(anonymous_10)","decl":{"start":{"line":94,"column":30},"end":{"line":94,"column":31}},"loc":{"start":{"line":94,"column":36},"end":{"line":97,"column":10}}}},"branchMap":{"0":{"loc":{"start":{"line":14,"column":8},"end":{"line":14,"column":38}},"type":"if","locations":[{"start":{"line":14,"column":8},"end":{"line":14,"column":38}},{"start":{},"end":{}}]},"1":{"loc":{"start":{"line":15,"column":8},"end":{"line":18,"column":9}},"type":"if","locations":[{"start":{"line":15,"column":8},"end":{"line":18,"column":9}},{"start":{},"end":{}}]},"2":{"loc":{"start":{"line":27,"column":8},"end":{"line":30,"column":9}},"type":"if","locations":[{"start":{"line":27,"column":8},"end":{"line":30,"column":9}},{"start":{},"end":{}}]},"3":{"loc":{"start":{"line":36,"column":8},"end":{"line":36,"column":38}},"type":"if","locations":[{"start":{"line":36,"column":8},"end":{"line":36,"column":38}},{"start":{},"end":{}}]},"4":{"loc":{"start":{"line":44,"column":12},"end":{"line":49,"column":13}},"type":"if","locations":[{"start":{"line":44,"column":12},"end":{"line":49,"column":13}},{"start":{"line":47,"column":17},"end":{"line":49,"column":13}}]},"5":{"loc":{"start":{"line":66,"column":12},"end":{"line":71,"column":13}},"type":"if","locations":[{"start":{"line":66,"column":12},"end":{"line":71,"column":13}},{"start":{"line":69,"column":19},"end":{"line":71,"column":13}}]},"6":{"loc":{"start":{"line":84,"column":8},"end":{"line":84,"column":33}},"type":"if","locations":[{"start":{"line":84,"column":8},"end":{"line":84,"column":33}},{"start":{},"end":{}}]},"7":{"loc":{"start":{"line":85,"column":8},"end":{"line":85,"column":57}},"type":"if","locations":[{"start":{"line":85,"column":8},"end":{"line":85,"column":57}},{"start":{},"end":{}}]}},"s":{"0":6,"1":4,"2":4,"3":4,"4":10,"5":0,"6":10,"7":9,"8":9,"9":1,"10":7,"11":10,"12":9,"13":9,"14":1,"15":7,"16":7,"17":7,"18":7,"19":1,"20":1,"21":3,"22":3,"23":1,"24":2,"25":1,"26":2,"27":0,"28":0,"29":0,"30":0,"31":0,"32":0,"33":0,"34":0,"35":0,"36":0,"37":0,"38":0,"39":0,"40":0,"41":2,"42":0,"43":2,"44":0,"45":2,"46":0,"47":0,"48":0,"49":6},"f":{"0":4,"1":10,"2":7,"3":10,"4":7,"5":1,"6":0,"7":2,"8":0,"9":0,"10":0},"b":{"0":[0,10],"1":[9,1],"2":[9,1],"3":[7,0],"4":[1,2],"5":[0,0],"6":[0,2],"7":[0,2]}}
,"E:\\Coding\\assignment\\logistech\\src\\db\\db.ts": {"path":"E:\\Coding\\assignment\\logistech\\src\\db\\db.ts","statementMap":{"0":{"start":{"line":2,"column":0},"end":{"line":2,"column":26}},"1":{"start":{"line":4,"column":13},"end":{"line":11,"column":2}},"2":{"start":{"line":14,"column":0},"end":{"line":19,"column":3}},"3":{"start":{"line":18,"column":2},"end":{"line":18,"column":74}},"4":{"start":{"line":21,"column":0},"end":{"line":37,"column":2}},"5":{"start":{"line":22,"column":43},"end":{"line":22,"column":67}},"6":{"start":{"line":25,"column":19},"end":{"line":25,"column":39}},"7":{"start":{"line":26,"column":4},"end":{"line":26,"column":18}},"8":{"start":{"line":30,"column":4},"end":{"line":35,"column":5}},"9":{"start":{"line":31,"column":6},"end":{"line":31,"column":23}},"10":{"start":{"line":34,"column":6},"end":{"line":34,"column":48}}},"fnMap":{"0":{"name":"(anonymous_0)","decl":{"start":{"line":14,"column":17},"end":{"line":14,"column":18}},"loc":{"start":{"line":14,"column":25},"end":{"line":19,"column":1}}},"1":{"name":"(anonymous_1)","decl":{"start":{"line":22,"column":9},"end":{"line":22,"column":10}},"loc":{"start":{"line":22,"column":43},"end":{"line":22,"column":67}}},"2":{"name":"(anonymous_2)","decl":{"start":{"line":24,"column":13},"end":{"line":24,"column":18}},"loc":{"start":{"line":24,"column":24},"end":{"line":27,"column":3}}},"3":{"name":"(anonymous_3)","decl":{"start":{"line":29,"column":7},"end":{"line":29,"column":12}},"loc":{"start":{"line":29,"column":18},"end":{"line":36,"column":3}}}},"branchMap":{"0":{"loc":{"start":{"line":5,"column":8},"end":{"line":5,"column":36}},"type":"binary-expr","locations":[{"start":{"line":5,"column":8},"end":{"line":5,"column":26}},{"start":{"line":5,"column":30},"end":{"line":5,"column":36}}]},"1":{"loc":{"start":{"line":6,"column":8},"end":{"line":6,"column":41}},"type":"binary-expr","locations":[{"start":{"line":6,"column":8},"end":{"line":6,"column":26}},{"start":{"line":6,"column":30},"end":{"line":6,"column":41}}]},"2":{"loc":{"start":{"line":7,"column":12},"end":{"line":7,"column":49}},"type":"binary-expr","locations":[{"start":{"line":7,"column":12},"end":{"line":7,"column":34}},{"start":{"line":7,"column":38},"end":{"line":7,"column":49}}]},"3":{"loc":{"start":{"line":8,"column":12},"end":{"line":8,"column":49}},"type":"binary-expr","locations":[{"start":{"line":8,"column":12},"end":{"line":8,"column":34}},{"start":{"line":8,"column":38},"end":{"line":8,"column":49}}]},"4":{"loc":{"start":{"line":9,"column":15},"end":{"line":9,"column":41}},"type":"binary-expr","locations":[{"start":{"line":9,"column":15},"end":{"line":9,"column":33}},{"start":{"line":9,"column":37},"end":{"line":9,"column":41}}]},"5":{"loc":{"start":{"line":18,"column":34},"end":{"line":18,"column":72}},"type":"cond-expr","locations":[{"start":{"line":18,"column":55},"end":{"line":18,"column":66}},{"start":{"line":18,"column":69},"end":{"line":18,"column":72}}]},"6":{"loc":{"start":{"line":18,"column":34},"end":{"line":18,"column":52}},"type":"binary-expr","locations":[{"start":{"line":18,"column":34},"end":{"line":18,"column":37}},{"start":{"line":18,"column":41},"end":{"line":18,"column":52}}]}},"s":{"0":5,"1":5,"2":5,"3":0,"4":5,"5":4,"6":0,"7":0,"8":3,"9":3,"10":0},"f":{"0":0,"1":4,"2":0,"3":3},"b":{"0":[5,4],"1":[5,4],"2":[5,4],"3":[5,4],"4":[5,4],"5":[0,0],"6":[0,0]}}
}
