{"E:\\Coding\\assignment\\logistech\\src\\algorithms\\cargoBacktracker.ts": {"path":"E:\\Coding\\assignment\\logistech\\src\\algorithms\\cargoBacktracker.ts","statementMap":{"0":{"start":{"line":9,"column":0},"end":{"line":9,"column":16}},"1":{"start":{"line":46,"column":0},"end":{"line":46,"column":16}},"2":{"start":{"line":11,"column":18},"end":{"line":11,"column":58}},"3":{"start":{"line":11,"column":44},"end":{"line":11,"column":54}},"4":{"start":{"line":12,"column":4},"end":{"line":12,"column":40}},"5":{"start":{"line":12,"column":28},"end":{"line":12,"column":40}},"6":{"start":{"line":13,"column":4},"end":{"line":13,"column":39}},"7":{"start":{"line":13,"column":26},"end":{"line":13,"column":39}},"8":{"start":{"line":15,"column":18},"end":{"line":15,"column":65}},"9":{"start":{"line":15,"column":36},"end":{"line":15,"column":42}},"10":{"start":{"line":15,"column":59},"end":{"line":15,"column":64}},"11":{"start":{"line":17,"column":17},"end":{"line":17,"column":43}},"12":{"start":{"line":19,"column":8},"end":{"line":19,"column":41}},"13":{"start":{"line":19,"column":29},"end":{"line":19,"column":41}},"14":{"start":{"line":20,"column":8},"end":{"line":20,"column":40}},"15":{"start":{"line":20,"column":27},"end":{"line":20,"column":40}},"16":{"start":{"line":21,"column":8},"end":{"line":21,"column":44}},"17":{"start":{"line":21,"column":31},"end":{"line":21,"column":44}},"18":{"start":{"line":23,"column":20},"end":{"line":23,"column":39}},"19":{"start":{"line":24,"column":8},"end":{"line":24,"column":49}},"20":{"start":{"line":24,"column":27},"end":{"line":24,"column":49}},"21":{"start":{"line":26,"column":8},"end":{"line":29,"column":9}},"22":{"start":{"line":27,"column":12},"end":{"line":27,"column":32}},"23":{"start":{"line":28,"column":12},"end":{"line":28,"column":24}},"24":{"start":{"line":30,"column":8},"end":{"line":33,"column":9}},"25":{"start":{"line":31,"column":12},"end":{"line":31,"column":32}},"26":{"start":{"line":32,"column":12},"end":{"line":32,"column":24}},"27":{"start":{"line":34,"column":8},"end":{"line":34,"column":29}},"28":{"start":{"line":35,"column":8},"end":{"line":35,"column":21}},"29":{"start":{"line":37,"column":4},"end":{"line":37,"column":28}},"30":{"start":{"line":47,"column":2},"end":{"line":47,"column":56}},"31":{"start":{"line":47,"column":46},"end":{"line":47,"column":56}},"32":{"start":{"line":49,"column":18},"end":{"line":49,"column":56}},"33":{"start":{"line":49,"column":44},"end":{"line":49,"column":54}},"34":{"start":{"line":50,"column":2},"end":{"line":50,"column":46}},"35":{"start":{"line":50,"column":25},"end":{"line":50,"column":44}},"36":{"start":{"line":52,"column":16},"end":{"line":52,"column":17}},"37":{"start":{"line":53,"column":32},"end":{"line":53,"column":34}},"38":{"start":{"line":55,"column":16},"end":{"line":55,"column":42}},"39":{"start":{"line":55,"column":33},"end":{"line":55,"column":41}},"40":{"start":{"line":56,"column":20},"end":{"line":56,"column":51}},"41":{"start":{"line":57,"column":2},"end":{"line":59,"column":3}},"42":{"start":{"line":57,"column":15},"end":{"line":57,"column":31}},"43":{"start":{"line":58,"column":4},"end":{"line":58,"column":47}},"44":{"start":{"line":61,"column":15},"end":{"line":61,"column":32}},"45":{"start":{"line":64,"column":4},"end":{"line":68,"column":5}},"46":{"start":{"line":65,"column":6},"end":{"line":65,"column":27}},"47":{"start":{"line":66,"column":6},"end":{"line":66,"column":40}},"48":{"start":{"line":67,"column":6},"end":{"line":67,"column":13}},"49":{"start":{"line":70,"column":4},"end":{"line":76,"column":5}},"50":{"start":{"line":71,"column":6},"end":{"line":74,"column":7}},"51":{"start":{"line":72,"column":8},"end":{"line":72,"column":29}},"52":{"start":{"line":73,"column":8},"end":{"line":73,"column":42}},"53":{"start":{"line":75,"column":6},"end":{"line":75,"column":13}},"54":{"start":{"line":79,"column":4},"end":{"line":79,"column":53}},"55":{"start":{"line":79,"column":46},"end":{"line":79,"column":53}},"56":{"start":{"line":81,"column":16},"end":{"line":81,"column":36}},"57":{"start":{"line":82,"column":4},"end":{"line":82,"column":30}},"58":{"start":{"line":82,"column":23},"end":{"line":82,"column":30}},"59":{"start":{"line":83,"column":4},"end":{"line":83,"column":18}},"60":{"start":{"line":85,"column":18},"end":{"line":85,"column":26}},"61":{"start":{"line":87,"column":4},"end":{"line":94,"column":5}},"62":{"start":{"line":88,"column":6},"end":{"line":88,"column":37}},"63":{"start":{"line":89,"column":6},"end":{"line":89,"column":48}},"64":{"start":{"line":90,"column":6},"end":{"line":90,"column":22}},"65":{"start":{"line":93,"column":6},"end":{"line":93,"column":39}},"66":{"start":{"line":93,"column":32},"end":{"line":93,"column":39}},"67":{"start":{"line":96,"column":4},"end":{"line":96,"column":38}},"68":{"start":{"line":99,"column":2},"end":{"line":99,"column":16}},"69":{"start":{"line":101,"column":2},"end":{"line":101,"column":49}},"70":{"start":{"line":101,"column":34},"end":{"line":101,"column":47}}},"fnMap":{"0":{"name":"canPackExact","decl":{"start":{"line":9,"column":16},"end":{"line":9,"column":28}},"loc":{"start":{"line":9,"column":66},"end":{"line":38,"column":1}}},"1":{"name":"(anonymous_1)","decl":{"start":{"line":11,"column":34},"end":{"line":11,"column":35}},"loc":{"start":{"line":11,"column":44},"end":{"line":11,"column":54}}},"2":{"name":"(anonymous_2)","decl":{"start":{"line":15,"column":31},"end":{"line":15,"column":32}},"loc":{"start":{"line":15,"column":36},"end":{"line":15,"column":42}}},"3":{"name":"(anonymous_3)","decl":{"start":{"line":15,"column":49},"end":{"line":15,"column":50}},"loc":{"start":{"line":15,"column":59},"end":{"line":15,"column":64}}},"4":{"name":"dfs","decl":{"start":{"line":18,"column":13},"end":{"line":18,"column":16}},"loc":{"start":{"line":18,"column":45},"end":{"line":36,"column":5}}},"5":{"name":"bestFitSubset","decl":{"start":{"line":46,"column":16},"end":{"line":46,"column":29}},"loc":{"start":{"line":46,"column":67},"end":{"line":102,"column":1}}},"6":{"name":"(anonymous_6)","decl":{"start":{"line":49,"column":31},"end":{"line":49,"column":32}},"loc":{"start":{"line":49,"column":44},"end":{"line":49,"column":54}}},"7":{"name":"(anonymous_7)","decl":{"start":{"line":50,"column":15},"end":{"line":50,"column":16}},"loc":{"start":{"line":50,"column":25},"end":{"line":50,"column":44}}},"8":{"name":"(anonymous_8)","decl":{"start":{"line":55,"column":28},"end":{"line":55,"column":29}},"loc":{"start":{"line":55,"column":33},"end":{"line":55,"column":41}}},"9":{"name":"dfs","decl":{"start":{"line":63,"column":11},"end":{"line":63,"column":14}},"loc":{"start":{"line":63,"column":65},"end":{"line":97,"column":3}}},"10":{"name":"(anonymous_10)","decl":{"start":{"line":101,"column":27},"end":{"line":101,"column":30}},"loc":{"start":{"line":101,"column":34},"end":{"line":101,"column":47}}}},"branchMap":{"0":{"loc":{"start":{"line":12,"column":4},"end":{"line":12,"column":40}},"type":"if","locations":[{"start":{"line":12,"column":4},"end":{"line":12,"column":40}},{"start":{},"end":{}}]},"1":{"loc":{"start":{"line":13,"column":4},"end":{"line":13,"column":39}},"type":"if","locations":[{"start":{"line":13,"column":4},"end":{"line":13,"column":39}},{"start":{},"end":{}}]},"2":{"loc":{"start":{"line":19,"column":8},"end":{"line":19,"column":41}},"type":"if","locations":[{"start":{"line":19,"column":8},"end":{"line":19,"column":41}},{"start":{},"end":{}}]},"3":{"loc":{"start":{"line":20,"column":8},"end":{"line":20,"column":40}},"type":"if","locations":[{"start":{"line":20,"column":8},"end":{"line":20,"column":40}},{"start":{},"end":{}}]},"4":{"loc":{"start":{"line":21,"column":8},"end":{"line":21,"column":44}},"type":"if","locations":[{"start":{"line":21,"column":8},"end":{"line":21,"column":44}},{"start":{},"end":{}}]},"5":{"loc":{"start":{"line":24,"column":8},"end":{"line":24,"column":49}},"type":"if","locations":[{"start":{"line":24,"column":8},"end":{"line":24,"column":49}},{"start":{},"end":{}}]},"6":{"loc":{"start":{"line":26,"column":8},"end":{"line":29,"column":9}},"type":"if","locations":[{"start":{"line":26,"column":8},"end":{"line":29,"column":9}},{"start":{},"end":{}}]},"7":{"loc":{"start":{"line":30,"column":8},"end":{"line":33,"column":9}},"type":"if","locations":[{"start":{"line":30,"column":8},"end":{"line":33,"column":9}},{"start":{},"end":{}}]},"8":{"loc":{"start":{"line":47,"column":2},"end":{"line":47,"column":56}},"type":"if","locations":[{"start":{"line":47,"column":2},"end":{"line":47,"column":56}},{"start":{},"end":{}}]},"9":{"loc":{"start":{"line":47,"column":6},"end":{"line":47,"column":44}},"type":"binary-expr","locations":[{"start":{"line":47,"column":6},"end":{"line":47,"column":19}},{"start":{"line":47,"column":23},"end":{"line":47,"column":44}}]},"10":{"loc":{"start":{"line":64,"column":4},"end":{"line":68,"column":5}},"type":"if","locations":[{"start":{"line":64,"column":4},"end":{"line":68,"column":5}},{"start":{},"end":{}}]},"11":{"loc":{"start":{"line":70,"column":4},"end":{"line":76,"column":5}},"type":"if","locations":[{"start":{"line":70,"column":4},"end":{"line":76,"column":5}},{"start":{},"end":{}}]},"12":{"loc":{"start":{"line":71,"column":6},"end":{"line":74,"column":7}},"type":"if","locations":[{"start":{"line":71,"column":6},"end":{"line":74,"column":7}},{"start":{},"end":{}}]},"13":{"loc":{"start":{"line":79,"column":4},"end":{"line":79,"column":53}},"type":"if","locations":[{"start":{"line":79,"column":4},"end":{"line":79,"column":53}},{"start":{},"end":{}}]},"14":{"loc":{"start":{"line":82,"column":4},"end":{"line":82,"column":30}},"type":"if","locations":[{"start":{"line":82,"column":4},"end":{"line":82,"column":30}},{"start":{},"end":{}}]},"15":{"loc":{"start":{"line":87,"column":4},"end":{"line":94,"column":5}},"type":"if","locations":[{"start":{"line":87,"column":4},"end":{"line":94,"column":5}},{"start":{},"end":{}}]},"16":{"loc":{"start":{"line":93,"column":6},"end":{"line":93,"column":39}},"type":"if","locations":[{"start":{"line":93,"column":6},"end":{"line":93,"column":39}},{"start":{},"end":{}}]}},"s":{"0":1,"1":1,"2":5,"3":18,"4":5,"5":1,"6":4,"7":1,"8":3,"9":12,"10":9,"11":3,"12":48,"13":1,"14":47,"15":9,"16":38,"17":14,"18":24,"19":24,"20":0,"21":24,"22":3,"23":3,"24":21,"25":1,"26":1,"27":20,"28":20,"29":3,"30":3,"31":0,"32":3,"33":10,"34":3,"35":11,"36":3,"37":3,"38":3,"39":10,"40":3,"41":3,"42":3,"43":10,"44":3,"45":11,"46":2,"47":2,"48":2,"49":9,"50":1,"51":0,"52":0,"53":1,"54":8,"55":0,"56":8,"57":8,"58":0,"59":8,"60":8,"61":8,"62":4,"63":4,"64":4,"65":4,"66":4,"67":4,"68":3,"69":3,"70":4},"f":{"0":5,"1":18,"2":12,"3":9,"4":48,"5":3,"6":10,"7":11,"8":10,"9":11,"10":4},"b":{"0":[1,4],"1":[1,3],"2":[1,47],"3":[9,38],"4":[14,24],"5":[0,24],"6":[3,21],"7":[1,20],"8":[0,3],"9":[3,3],"10":[2,9],"11":[1,8],"12":[0,1],"13":[0,8],"14":[0,8],"15":[4,4],"16":[4,0]}}
,"E:\\Coding\\assignment\\logistech\\src\\core\\LogiMaster.ts": {"path":"E:\\Coding\\assignment\\logistech\\src\\core\\LogiMaster.ts","statementMap":{"0":{"start":{"line":2,"column":0},"end":{"line":2,"column":42}},"1":{"start":{"line":4,"column":0},"end":{"line":4,"column":44}},"2":{"start":{"line":6,"column":0},"end":{"line":6,"column":26}},"3":{"start":{"line":11,"column":9},"end":{"line":11,"column":41}},"4":{"start":{"line":12,"column":9},"end":{"line":12,"column":52}},"5":{"start":{"line":13,"column":9},"end":{"line":13,"column":48}},"6":{"start":{"line":18,"column":4},"end":{"line":20,"column":5}},"7":{"start":{"line":19,"column":6},"end":{"line":19,"column":45}},"8":{"start":{"line":21,"column":4},"end":{"line":21,"column":31}},"9":{"start":{"line":28,"column":4},"end":{"line":28,"column":64}},"10":{"start":{"line":33,"column":16},"end":{"line":34,"column":null}},"11":{"start":{"line":37,"column":31},"end":{"line":42,"column":6}},"12":{"start":{"line":38,"column":16},"end":{"line":38,"column":91}},"13":{"start":{"line":40,"column":6},"end":{"line":40,"column":37}},"14":{"start":{"line":41,"column":6},"end":{"line":41,"column":15}},"15":{"start":{"line":44,"column":4},"end":{"line":44,"column":29}},"16":{"start":{"line":48,"column":4},"end":{"line":48,"column":52}},"17":{"start":{"line":48,"column":40},"end":{"line":48,"column":52}},"18":{"start":{"line":50,"column":17},"end":{"line":50,"column":34}},"19":{"start":{"line":51,"column":15},"end":{"line":51,"column":16}},"20":{"start":{"line":52,"column":14},"end":{"line":52,"column":29}},"21":{"start":{"line":53,"column":36},"end":{"line":53,"column":40}},"22":{"start":{"line":55,"column":4},"end":{"line":63,"column":5}},"23":{"start":{"line":56,"column":18},"end":{"line":56,"column":48}},"24":{"start":{"line":57,"column":6},"end":{"line":62,"column":7}},"25":{"start":{"line":58,"column":8},"end":{"line":58,"column":27}},"26":{"start":{"line":59,"column":8},"end":{"line":59,"column":24}},"27":{"start":{"line":61,"column":8},"end":{"line":61,"column":23}},"28":{"start":{"line":64,"column":4},"end":{"line":64,"column":18}},"29":{"start":{"line":72,"column":16},"end":{"line":72,"column":45}},"30":{"start":{"line":73,"column":4},"end":{"line":73,"column":27}},"31":{"start":{"line":73,"column":14},"end":{"line":73,"column":27}},"32":{"start":{"line":76,"column":21},"end":{"line":76,"column":47}},"33":{"start":{"line":77,"column":4},"end":{"line":77,"column":32}},"34":{"start":{"line":77,"column":19},"end":{"line":77,"column":32}},"35":{"start":{"line":79,"column":19},"end":{"line":79,"column":39}},"36":{"start":{"line":80,"column":4},"end":{"line":119,"column":5}},"37":{"start":{"line":81,"column":6},"end":{"line":81,"column":34}},"38":{"start":{"line":84,"column":18},"end":{"line":89,"column":null}},"39":{"start":{"line":92,"column":6},"end":{"line":98,"column":7}},"40":{"start":{"line":94,"column":8},"end":{"line":94,"column":39}},"41":{"start":{"line":96,"column":8},"end":{"line":96,"column":33}},"42":{"start":{"line":97,"column":8},"end":{"line":97,"column":21}},"43":{"start":{"line":100,"column":6},"end":{"line":104,"column":8}},"44":{"start":{"line":106,"column":6},"end":{"line":106,"column":35}},"45":{"start":{"line":107,"column":6},"end":{"line":107,"column":18}},"46":{"start":{"line":109,"column":6},"end":{"line":113,"column":7}},"47":{"start":{"line":110,"column":8},"end":{"line":110,"column":39}},"48":{"start":{"line":115,"column":6},"end":{"line":115,"column":31}},"49":{"start":{"line":116,"column":6},"end":{"line":116,"column":19}},"50":{"start":{"line":118,"column":6},"end":{"line":118,"column":23}},"51":{"start":{"line":125,"column":4},"end":{"line":125,"column":42}},"52":{"start":{"line":129,"column":18},"end":{"line":129,"column":42}},"53":{"start":{"line":130,"column":4},"end":{"line":130,"column":29}},"54":{"start":{"line":130,"column":16},"end":{"line":130,"column":29}},"55":{"start":{"line":132,"column":4},"end":{"line":132,"column":34}},"56":{"start":{"line":136,"column":18},"end":{"line":136,"column":42}},"57":{"start":{"line":137,"column":4},"end":{"line":137,"column":29}},"58":{"start":{"line":137,"column":16},"end":{"line":137,"column":29}},"59":{"start":{"line":139,"column":4},"end":{"line":139,"column":42}},"60":{"start":{"line":145,"column":4},"end":{"line":145,"column":36}},"61":{"start":{"line":149,"column":4},"end":{"line":149,"column":40}},"62":{"start":{"line":8,"column":0},"end":{"line":8,"column":13}},"63":{"start":{"line":9,"column":17},"end":{"line":9,"column":52}}},"fnMap":{"0":{"name":"(anonymous_1)","decl":{"start":{"line":15,"column":2},"end":{"line":15,"column":25}},"loc":{"start":{"line":15,"column":2},"end":{"line":15,"column":26}}},"1":{"name":"(anonymous_2)","decl":{"start":{"line":17,"column":9},"end":{"line":17,"column":15}},"loc":{"start":{"line":17,"column":27},"end":{"line":22,"column":3}}},"2":{"name":"(anonymous_3)","decl":{"start":{"line":27,"column":2},"end":{"line":27,"column":18}},"loc":{"start":{"line":27,"column":37},"end":{"line":29,"column":3}}},"3":{"name":"(anonymous_4)","decl":{"start":{"line":32,"column":2},"end":{"line":32,"column":7}},"loc":{"start":{"line":32,"column":30},"end":{"line":45,"column":3}}},"4":{"name":"(anonymous_5)","decl":{"start":{"line":37,"column":44},"end":{"line":37,"column":45}},"loc":{"start":{"line":37,"column":55},"end":{"line":42,"column":5}}},"5":{"name":"(anonymous_6)","decl":{"start":{"line":47,"column":2},"end":{"line":47,"column":16}},"loc":{"start":{"line":47,"column":29},"end":{"line":65,"column":3}}},"6":{"name":"(anonymous_7)","decl":{"start":{"line":71,"column":2},"end":{"line":71,"column":7}},"loc":{"start":{"line":71,"column":39},"end":{"line":120,"column":3}}},"7":{"name":"(anonymous_8)","decl":{"start":{"line":124,"column":2},"end":{"line":124,"column":15}},"loc":{"start":{"line":124,"column":28},"end":{"line":126,"column":3}}},"8":{"name":"(anonymous_9)","decl":{"start":{"line":128,"column":2},"end":{"line":128,"column":20}},"loc":{"start":{"line":128,"column":50},"end":{"line":133,"column":3}}},"9":{"name":"(anonymous_10)","decl":{"start":{"line":135,"column":2},"end":{"line":135,"column":19}},"loc":{"start":{"line":135,"column":55},"end":{"line":140,"column":3}}},"10":{"name":"(anonymous_11)","decl":{"start":{"line":144,"column":2},"end":{"line":144,"column":16}},"loc":{"start":{"line":144,"column":29},"end":{"line":146,"column":3}}},"11":{"name":"(anonymous_12)","decl":{"start":{"line":148,"column":2},"end":{"line":148,"column":16}},"loc":{"start":{"line":148,"column":16},"end":{"line":150,"column":3}}}},"branchMap":{"0":{"loc":{"start":{"line":18,"column":4},"end":{"line":20,"column":5}},"type":"if","locations":[{"start":{"line":18,"column":4},"end":{"line":20,"column":5}},{"start":{},"end":{}}]},"1":{"loc":{"start":{"line":38,"column":69},"end":{"line":38,"column":90}},"type":"binary-expr","locations":[{"start":{"line":38,"column":69},"end":{"line":38,"column":84}},{"start":{"line":38,"column":88},"end":{"line":38,"column":90}}]},"2":{"loc":{"start":{"line":40,"column":23},"end":{"line":40,"column":34}},"type":"binary-expr","locations":[{"start":{"line":40,"column":23},"end":{"line":40,"column":29}},{"start":{"line":40,"column":33},"end":{"line":40,"column":34}}]},"3":{"loc":{"start":{"line":48,"column":4},"end":{"line":48,"column":52}},"type":"if","locations":[{"start":{"line":48,"column":4},"end":{"line":48,"column":52}},{"start":{},"end":{}}]},"4":{"loc":{"start":{"line":57,"column":6},"end":{"line":62,"column":7}},"type":"if","locations":[{"start":{"line":57,"column":6},"end":{"line":62,"column":7}},{"start":{"line":60,"column":13},"end":{"line":62,"column":7}}]},"5":{"loc":{"start":{"line":73,"column":4},"end":{"line":73,"column":27}},"type":"if","locations":[{"start":{"line":73,"column":4},"end":{"line":73,"column":27}},{"start":{},"end":{}}]},"6":{"loc":{"start":{"line":77,"column":4},"end":{"line":77,"column":32}},"type":"if","locations":[{"start":{"line":77,"column":4},"end":{"line":77,"column":32}},{"start":{},"end":{}}]},"7":{"loc":{"start":{"line":92,"column":6},"end":{"line":98,"column":7}},"type":"if","locations":[{"start":{"line":92,"column":6},"end":{"line":98,"column":7}},{"start":{},"end":{}}]},"8":{"loc":{"start":{"line":130,"column":4},"end":{"line":130,"column":29}},"type":"if","locations":[{"start":{"line":130,"column":4},"end":{"line":130,"column":29}},{"start":{},"end":{}}]},"9":{"loc":{"start":{"line":137,"column":4},"end":{"line":137,"column":29}},"type":"if","locations":[{"start":{"line":137,"column":4},"end":{"line":137,"column":29}},{"start":{},"end":{}}]}},"s":{"0":2,"1":2,"2":2,"3":2,"4":2,"5":2,"6":4,"7":2,"8":4,"9":4,"10":0,"11":0,"12":0,"13":0,"14":0,"15":0,"16":8,"17":0,"18":8,"19":8,"20":8,"21":8,"22":8,"23":15,"24":15,"25":9,"26":9,"27":6,"28":8,"29":2,"30":2,"31":0,"32":2,"33":2,"34":0,"35":2,"36":2,"37":2,"38":1,"39":1,"40":0,"41":0,"42":0,"43":1,"44":1,"45":1,"46":1,"47":1,"48":1,"49":1,"50":2,"51":0,"52":0,"53":0,"54":0,"55":0,"56":0,"57":0,"58":0,"59":0,"60":0,"61":0,"62":2,"63":2},"f":{"0":2,"1":4,"2":4,"3":0,"4":0,"5":8,"6":2,"7":0,"8":0,"9":0,"10":0,"11":0},"b":{"0":[2,2],"1":[0,0],"2":[0,0],"3":[0,8],"4":[9,6],"5":[0,2],"6":[0,2],"7":[0,1],"8":[0,0],"9":[0,0]}}
,"E:\\Coding\\assignment\\logistech\\src\\core\\Package.ts": {"path":"E:\\Coding\\assignment\\logistech\\src\\core\\Package.ts","statementMap":{"0":{"start":{"line":7,"column":8},"end":{"line":7,"column":37}},"1":{"start":{"line":8,"column":8},"end":{"line":8,"column":25}},"2":{"start":{"line":9,"column":8},"end":{"line":9,"column":39}},"3":{"start":{"line":1,"column":0},"end":{"line":1,"column":13}}},"fnMap":{"0":{"name":"(anonymous_0)","decl":{"start":{"line":6,"column":4},"end":{"line":6,"column":16}},"loc":{"start":{"line":6,"column":69},"end":{"line":10,"column":5}}}},"branchMap":{},"s":{"0":25,"1":25,"2":25,"3":3},"f":{"0":25},"b":{}}
,"E:\\Coding\\assignment\\logistech\\src\\core\\SimpleQueue.ts": {"path":"E:\\Coding\\assignment\\logistech\\src\\core\\SimpleQueue.ts","statementMap":{"0":{"start":{"line":2,"column":10},"end":{"line":2,"column":26}},"1":{"start":{"line":3,"column":10},"end":{"line":3,"column":27}},"2":{"start":{"line":5,"column":21},"end":{"line":5,"column":43}},"3":{"start":{"line":8,"column":4},"end":{"line":10,"column":5}},"4":{"start":{"line":9,"column":6},"end":{"line":9,"column":68}},"5":{"start":{"line":9,"column":32},"end":{"line":9,"column":68}},"6":{"start":{"line":11,"column":4},"end":{"line":11,"column":29}},"7":{"start":{"line":14,"column":19},"end":{"line":14,"column":65}},"8":{"start":{"line":16,"column":23},"end":{"line":16,"column":48}},"9":{"start":{"line":1,"column":0},"end":{"line":1,"column":13}}},"fnMap":{"0":{"name":"(anonymous_0)","decl":{"start":{"line":1,"column":0},"end":{"line":1,"column":13}},"loc":{"start":{"line":1,"column":0},"end":{"line":17,"column":1}}},"1":{"name":"(anonymous_1)","decl":{"start":{"line":5,"column":2},"end":{"line":5,"column":9}},"loc":{"start":{"line":5,"column":17},"end":{"line":5,"column":45}}},"2":{"name":"(anonymous_2)","decl":{"start":{"line":7,"column":2},"end":{"line":7,"column":9}},"loc":{"start":{"line":7,"column":9},"end":{"line":12,"column":3}}},"3":{"name":"(anonymous_3)","decl":{"start":{"line":14,"column":2},"end":{"line":14,"column":6}},"loc":{"start":{"line":14,"column":6},"end":{"line":14,"column":67}}},"4":{"name":"(anonymous_4)","decl":{"start":{"line":16,"column":2},"end":{"line":16,"column":9}},"loc":{"start":{"line":16,"column":9},"end":{"line":16,"column":50}}}},"branchMap":{"0":{"loc":{"start":{"line":8,"column":4},"end":{"line":10,"column":5}},"type":"if","locations":[{"start":{"line":8,"column":4},"end":{"line":10,"column":5}},{"start":{},"end":{}}]}},"s":{"0":4,"1":4,"2":5,"3":6,"4":4,"5":5,"6":6,"7":4,"8":3,"9":3},"f":{"0":4,"1":5,"2":6,"3":4,"4":3},"b":{"0":[4,2]}}
,"E:\\Coding\\assignment\\logistech\\src\\core\\StorageBin.ts": {"path":"E:\\Coding\\assignment\\logistech\\src\\core\\StorageBin.ts","statementMap":{"0":{"start":{"line":1,"column":0},"end":{"line":1,"column":44}},"1":{"start":{"line":8,"column":8},"end":{"line":8,"column":24}},"2":{"start":{"line":9,"column":8},"end":{"line":9,"column":27}},"3":{"start":{"line":10,"column":8},"end":{"line":10,"column":41}},"4":{"start":{"line":14,"column":8},"end":{"line":17,"column":9}},"5":{"start":{"line":15,"column":12},"end":{"line":15,"column":32}},"6":{"start":{"line":16,"column":12},"end":{"line":16,"column":24}},"7":{"start":{"line":18,"column":8},"end":{"line":18,"column":21}},"8":{"start":{"line":22,"column":8},"end":{"line":22,"column":52}},"9":{"start":{"line":30,"column":8},"end":{"line":30,"column":33}},"10":{"start":{"line":30,"column":23},"end":{"line":30,"column":33}},"11":{"start":{"line":31,"column":8},"end":{"line":31,"column":57}},"12":{"start":{"line":31,"column":35},"end":{"line":31,"column":57}},"13":{"start":{"line":32,"column":8},"end":{"line":32,"column":26}},"14":{"start":{"line":36,"column":8},"end":{"line":36,"column":39}},"15":{"start":{"line":3,"column":0},"end":{"line":3,"column":13}}},"fnMap":{"0":{"name":"(anonymous_0)","decl":{"start":{"line":7,"column":4},"end":{"line":7,"column":16}},"loc":{"start":{"line":7,"column":66},"end":{"line":11,"column":5}}},"1":{"name":"(anonymous_1)","decl":{"start":{"line":13,"column":4},"end":{"line":13,"column":16}},"loc":{"start":{"line":13,"column":31},"end":{"line":19,"column":5}}},"2":{"name":"(anonymous_2)","decl":{"start":{"line":21,"column":4},"end":{"line":21,"column":14}},"loc":{"start":{"line":21,"column":29},"end":{"line":23,"column":5}}},"3":{"name":"(anonymous_3)","decl":{"start":{"line":29,"column":4},"end":{"line":29,"column":11}},"loc":{"start":{"line":29,"column":25},"end":{"line":33,"column":5}}},"4":{"name":"(anonymous_4)","decl":{"start":{"line":35,"column":4},"end":{"line":35,"column":10}},"loc":{"start":{"line":35,"column":57},"end":{"line":37,"column":5}}}},"branchMap":{"0":{"loc":{"start":{"line":7,"column":49},"end":{"line":7,"column":66}},"type":"default-arg","locations":[{"start":{"line":7,"column":64},"end":{"line":7,"column":66}}]},"1":{"loc":{"start":{"line":14,"column":8},"end":{"line":17,"column":9}},"type":"if","locations":[{"start":{"line":14,"column":8},"end":{"line":17,"column":9}},{"start":{},"end":{}}]},"2":{"loc":{"start":{"line":30,"column":8},"end":{"line":30,"column":33}},"type":"if","locations":[{"start":{"line":30,"column":8},"end":{"line":30,"column":33}},{"start":{},"end":{}}]},"3":{"loc":{"start":{"line":31,"column":8},"end":{"line":31,"column":57}},"type":"if","locations":[{"start":{"line":31,"column":8},"end":{"line":31,"column":57}},{"start":{},"end":{}}]}},"s":{"0":2,"1":9,"2":9,"3":9,"4":2,"5":2,"6":2,"7":0,"8":1,"9":0,"10":0,"11":0,"12":0,"13":0,"14":5,"15":2},"f":{"0":9,"1":2,"2":1,"3":0,"4":5},"b":{"0":[9],"1":[2,0],"2":[0,0],"3":[0,0]}}
,"E:\\Coding\\assignment\\logistech\\src\\core\\StorageUnit.ts": {"path":"E:\\Coding\\assignment\\logistech\\src\\core\\StorageUnit.ts","statementMap":{"0":{"start":{"line":6,"column":8},"end":{"line":6,"column":33}},"1":{"start":{"line":7,"column":8},"end":{"line":7,"column":22}},"2":{"start":{"line":14,"column":8},"end":{"line":14,"column":41}},"3":{"start":{"line":1,"column":0},"end":{"line":1,"column":22}}},"fnMap":{"0":{"name":"(anonymous_0)","decl":{"start":{"line":5,"column":4},"end":{"line":5,"column":16}},"loc":{"start":{"line":5,"column":32},"end":{"line":8,"column":5}}},"1":{"name":"(anonymous_1)","decl":{"start":{"line":13,"column":4},"end":{"line":13,"column":16}},"loc":{"start":{"line":13,"column":16},"end":{"line":15,"column":5}}}},"branchMap":{},"s":{"0":11,"1":11,"2":14,"3":3},"f":{"0":11,"1":14},"b":{}}
,"E:\\Coding\\assignment\\logistech\\src\\core\\Truck.ts": {"path":"E:\\Coding\\assignment\\logistech\\src\\core\\Truck.ts","statementMap":{"0":{"start":{"line":1,"column":0},"end":{"line":1,"column":44}},"1":{"start":{"line":9,"column":8},"end":{"line":9,"column":24}},"2":{"start":{"line":6,"column":12},"end":{"line":6,"column":35}},"3":{"start":{"line":10,"column":8},"end":{"line":10,"column":31}},"4":{"start":{"line":14,"column":8},"end":{"line":17,"column":9}},"5":{"start":{"line":15,"column":12},"end":{"line":15,"column":32}},"6":{"start":{"line":16,"column":12},"end":{"line":16,"column":24}},"7":{"start":{"line":18,"column":8},"end":{"line":18,"column":21}},"8":{"start":{"line":22,"column":8},"end":{"line":22,"column":51}},"9":{"start":{"line":26,"column":8},"end":{"line":29,"column":9}},"10":{"start":{"line":27,"column":12},"end":{"line":27,"column":33}},"11":{"start":{"line":28,"column":12},"end":{"line":28,"column":24}},"12":{"start":{"line":30,"column":8},"end":{"line":30,"column":21}},"13":{"start":{"line":34,"column":18},"end":{"line":34,"column":34}},"14":{"start":{"line":35,"column":8},"end":{"line":35,"column":38}},"15":{"start":{"line":35,"column":14},"end":{"line":35,"column":38}},"16":{"start":{"line":36,"column":8},"end":{"line":36,"column":17}},"17":{"start":{"line":40,"column":32},"end":{"line":40,"column":34}},"18":{"start":{"line":41,"column":8},"end":{"line":52,"column":9}},"19":{"start":{"line":42,"column":22},"end":{"line":42,"column":40}},"20":{"start":{"line":43,"column":12},"end":{"line":51,"column":13}},"21":{"start":{"line":44,"column":16},"end":{"line":47,"column":17}},"22":{"start":{"line":45,"column":31},"end":{"line":45,"column":42}},"23":{"start":{"line":46,"column":20},"end":{"line":46,"column":41}},"24":{"start":{"line":48,"column":16},"end":{"line":48,"column":28}},"25":{"start":{"line":50,"column":16},"end":{"line":50,"column":29}},"26":{"start":{"line":54,"column":8},"end":{"line":54,"column":57}},"27":{"start":{"line":54,"column":27},"end":{"line":54,"column":57}},"28":{"start":{"line":55,"column":8},"end":{"line":55,"column":21}},"29":{"start":{"line":4,"column":0},"end":{"line":4,"column":13}}},"fnMap":{"0":{"name":"(anonymous_0)","decl":{"start":{"line":8,"column":4},"end":{"line":8,"column":16}},"loc":{"start":{"line":8,"column":50},"end":{"line":11,"column":5}}},"1":{"name":"(anonymous_1)","decl":{"start":{"line":13,"column":4},"end":{"line":13,"column":16}},"loc":{"start":{"line":13,"column":31},"end":{"line":19,"column":5}}},"2":{"name":"(anonymous_2)","decl":{"start":{"line":21,"column":4},"end":{"line":21,"column":14}},"loc":{"start":{"line":21,"column":29},"end":{"line":23,"column":5}}},"3":{"name":"(anonymous_3)","decl":{"start":{"line":25,"column":4},"end":{"line":25,"column":15}},"loc":{"start":{"line":25,"column":28},"end":{"line":31,"column":5}}},"4":{"name":"(anonymous_4)","decl":{"start":{"line":33,"column":4},"end":{"line":33,"column":14}},"loc":{"start":{"line":33,"column":14},"end":{"line":37,"column":5}}},"5":{"name":"(anonymous_5)","decl":{"start":{"line":39,"column":4},"end":{"line":39,"column":16}},"loc":{"start":{"line":39,"column":41},"end":{"line":56,"column":5}}}},"branchMap":{"0":{"loc":{"start":{"line":14,"column":8},"end":{"line":17,"column":9}},"type":"if","locations":[{"start":{"line":14,"column":8},"end":{"line":17,"column":9}},{"start":{},"end":{}}]},"1":{"loc":{"start":{"line":26,"column":8},"end":{"line":29,"column":9}},"type":"if","locations":[{"start":{"line":26,"column":8},"end":{"line":29,"column":9}},{"start":{},"end":{}}]},"2":{"loc":{"start":{"line":35,"column":8},"end":{"line":35,"column":38}},"type":"if","locations":[{"start":{"line":35,"column":8},"end":{"line":35,"column":38}},{"start":{},"end":{}}]},"3":{"loc":{"start":{"line":43,"column":12},"end":{"line":51,"column":13}},"type":"if","locations":[{"start":{"line":43,"column":12},"end":{"line":51,"column":13}},{"start":{"line":49,"column":17},"end":{"line":51,"column":13}}]}},"s":{"0":1,"1":2,"2":2,"3":2,"4":10,"5":9,"6":9,"7":1,"8":7,"9":10,"10":9,"11":9,"12":1,"13":7,"14":7,"15":7,"16":7,"17":1,"18":1,"19":3,"20":3,"21":1,"22":2,"23":2,"24":1,"25":2,"26":0,"27":0,"28":0,"29":1},"f":{"0":2,"1":10,"2":7,"3":10,"4":7,"5":1},"b":{"0":[9,1],"1":[9,1],"2":[7,0],"3":[1,2]}}
,"E:\\Coding\\assignment\\logistech\\src\\db\\db.ts": {"path":"E:\\Coding\\assignment\\logistech\\src\\db\\db.ts","statementMap":{"0":{"start":{"line":1,"column":0},"end":{"line":1,"column":26}},"1":{"start":{"line":3,"column":13},"end":{"line":10,"column":2}},"2":{"start":{"line":12,"column":0},"end":{"line":23,"column":2}},"3":{"start":{"line":16,"column":19},"end":{"line":16,"column":39}},"4":{"start":{"line":17,"column":4},"end":{"line":17,"column":18}},"5":{"start":{"line":21,"column":4},"end":{"line":21,"column":36}}},"fnMap":{"0":{"name":"(anonymous_0)","decl":{"start":{"line":15,"column":2},"end":{"line":15,"column":7}},"loc":{"start":{"line":15,"column":17},"end":{"line":18,"column":3}}},"1":{"name":"(anonymous_1)","decl":{"start":{"line":20,"column":2},"end":{"line":20,"column":7}},"loc":{"start":{"line":20,"column":42},"end":{"line":22,"column":3}}}},"branchMap":{"0":{"loc":{"start":{"line":4,"column":8},"end":{"line":4,"column":36}},"type":"binary-expr","locations":[{"start":{"line":4,"column":8},"end":{"line":4,"column":26}},{"start":{"line":4,"column":30},"end":{"line":4,"column":36}}]},"1":{"loc":{"start":{"line":5,"column":8},"end":{"line":5,"column":41}},"type":"binary-expr","locations":[{"start":{"line":5,"column":8},"end":{"line":5,"column":26}},{"start":{"line":5,"column":30},"end":{"line":5,"column":41}}]},"2":{"loc":{"start":{"line":6,"column":12},"end":{"line":6,"column":49}},"type":"binary-expr","locations":[{"start":{"line":6,"column":12},"end":{"line":6,"column":34}},{"start":{"line":6,"column":38},"end":{"line":6,"column":49}}]},"3":{"loc":{"start":{"line":7,"column":12},"end":{"line":7,"column":49}},"type":"binary-expr","locations":[{"start":{"line":7,"column":12},"end":{"line":7,"column":34}},{"start":{"line":7,"column":38},"end":{"line":7,"column":49}}]},"4":{"loc":{"start":{"line":8,"column":15},"end":{"line":8,"column":41}},"type":"binary-expr","locations":[{"start":{"line":8,"column":15},"end":{"line":8,"column":33}},{"start":{"line":8,"column":37},"end":{"line":8,"column":41}}]}},"s":{"0":2,"1":2,"2":2,"3":0,"4":0,"5":0},"f":{"0":0,"1":0},"b":{"0":[2,2],"1":[2,2],"2":[2,2],"3":[2,2],"4":[2,2]}}
}
