TN:
SF:src\algorithms\cargoBacktracker.ts
FN:9,canPackExact
FN:11,(anonymous_1)
FN:15,(anonymous_2)
FN:15,(anonymous_3)
FN:18,dfs
FN:46,bestFitSubset
FN:49,(anonymous_6)
FN:50,(anonymous_7)
FN:55,(anonymous_8)
FN:63,dfs
FN:101,(anonymous_10)
FNF:11
FNH:11
FNDA:5,canPackExact
FNDA:18,(anonymous_1)
FNDA:12,(anonymous_2)
FNDA:9,(anonymous_3)
FNDA:48,dfs
FNDA:3,bestFitSubset
FNDA:10,(anonymous_6)
FNDA:11,(anonymous_7)
FNDA:10,(anonymous_8)
FNDA:11,dfs
FNDA:4,(anonymous_10)
DA:9,1
DA:11,18
DA:12,5
DA:13,4
DA:15,12
DA:17,3
DA:19,48
DA:20,47
DA:21,38
DA:23,24
DA:24,24
DA:26,24
DA:27,3
DA:28,3
DA:30,21
DA:31,1
DA:32,1
DA:34,20
DA:35,20
DA:37,3
DA:46,1
DA:47,3
DA:49,10
DA:50,11
DA:52,3
DA:53,3
DA:55,10
DA:56,3
DA:57,3
DA:58,10
DA:61,3
DA:64,11
DA:65,2
DA:66,2
DA:67,2
DA:70,9
DA:71,1
DA:72,0
DA:73,0
DA:75,1
DA:79,8
DA:81,8
DA:82,8
DA:83,8
DA:85,8
DA:87,8
DA:88,4
DA:89,4
DA:90,4
DA:93,4
DA:96,4
DA:99,3
DA:101,4
LF:53
LH:51
BRDA:12,0,0,1
BRDA:12,0,1,4
BRDA:13,1,0,1
BRDA:13,1,1,3
BRDA:19,2,0,1
BRDA:19,2,1,47
BRDA:20,3,0,9
BRDA:20,3,1,38
BRDA:21,4,0,14
BRDA:21,4,1,24
BRDA:24,5,0,0
BRDA:24,5,1,24
BRDA:26,6,0,3
BRDA:26,6,1,21
BRDA:30,7,0,1
BRDA:30,7,1,20
BRDA:47,8,0,0
BRDA:47,8,1,3
BRDA:47,9,0,3
BRDA:47,9,1,3
BRDA:64,10,0,2
BRDA:64,10,1,9
BRDA:70,11,0,1
BRDA:70,11,1,8
BRDA:71,12,0,0
BRDA:71,12,1,1
BRDA:79,13,0,0
BRDA:79,13,1,8
BRDA:82,14,0,0
BRDA:82,14,1,8
BRDA:87,15,0,4
BRDA:87,15,1,4
BRDA:93,16,0,4
BRDA:93,16,1,0
BRF:34
BRH:28
end_of_record
TN:
SF:src\core\LogiMaster.ts
FN:15,(anonymous_1)
FN:17,(anonymous_2)
FN:27,(anonymous_3)
FN:32,(anonymous_4)
FN:37,(anonymous_5)
FN:47,(anonymous_6)
FN:71,(anonymous_7)
FN:124,(anonymous_8)
FN:128,(anonymous_9)
FN:135,(anonymous_10)
FN:144,(anonymous_11)
FN:148,(anonymous_12)
FNF:12
FNH:5
FNDA:2,(anonymous_1)
FNDA:4,(anonymous_2)
FNDA:4,(anonymous_3)
FNDA:0,(anonymous_4)
FNDA:0,(anonymous_5)
FNDA:8,(anonymous_6)
FNDA:2,(anonymous_7)
FNDA:0,(anonymous_8)
FNDA:0,(anonymous_9)
FNDA:0,(anonymous_10)
FNDA:0,(anonymous_11)
FNDA:0,(anonymous_12)
DA:2,2
DA:4,2
DA:6,2
DA:8,2
DA:9,2
DA:11,2
DA:12,2
DA:13,2
DA:18,4
DA:19,2
DA:21,4
DA:28,4
DA:33,0
DA:37,0
DA:38,0
DA:40,0
DA:41,0
DA:44,0
DA:48,8
DA:50,8
DA:51,8
DA:52,8
DA:53,8
DA:55,8
DA:56,15
DA:57,15
DA:58,9
DA:59,9
DA:61,6
DA:64,8
DA:72,2
DA:73,2
DA:76,2
DA:77,2
DA:79,2
DA:80,2
DA:81,2
DA:84,1
DA:92,1
DA:94,0
DA:96,0
DA:97,0
DA:100,1
DA:106,1
DA:107,1
DA:109,1
DA:110,1
DA:115,1
DA:116,1
DA:118,2
DA:125,0
DA:129,0
DA:130,0
DA:132,0
DA:136,0
DA:137,0
DA:139,0
DA:145,0
DA:149,0
LF:59
LH:41
BRDA:18,0,0,2
BRDA:18,0,1,2
BRDA:38,1,0,0
BRDA:38,1,1,0
BRDA:40,2,0,0
BRDA:40,2,1,0
BRDA:48,3,0,0
BRDA:48,3,1,8
BRDA:57,4,0,9
BRDA:57,4,1,6
BRDA:73,5,0,0
BRDA:73,5,1,2
BRDA:77,6,0,0
BRDA:77,6,1,2
BRDA:92,7,0,0
BRDA:92,7,1,1
BRDA:130,8,0,0
BRDA:130,8,1,0
BRDA:137,9,0,0
BRDA:137,9,1,0
BRF:20
BRH:8
end_of_record
TN:
SF:src\core\Package.ts
FN:6,(anonymous_0)
FNF:1
FNH:1
FNDA:25,(anonymous_0)
DA:1,3
DA:7,25
DA:8,25
DA:9,25
LF:4
LH:4
BRF:0
BRH:0
end_of_record
TN:
SF:src\core\SimpleQueue.ts
FN:1,(anonymous_0)
FN:5,(anonymous_1)
FN:7,(anonymous_2)
FN:14,(anonymous_3)
FN:16,(anonymous_4)
FNF:5
FNH:5
FNDA:4,(anonymous_0)
FNDA:5,(anonymous_1)
FNDA:6,(anonymous_2)
FNDA:4,(anonymous_3)
FNDA:3,(anonymous_4)
DA:1,3
DA:2,4
DA:3,4
DA:5,5
DA:8,6
DA:9,5
DA:11,6
DA:14,4
DA:16,3
LF:9
LH:9
BRDA:8,0,0,4
BRDA:8,0,1,2
BRF:2
BRH:2
end_of_record
TN:
SF:src\core\StorageBin.ts
FN:7,(anonymous_0)
FN:13,(anonymous_1)
FN:21,(anonymous_2)
FN:29,(anonymous_3)
FN:35,(anonymous_4)
FNF:5
FNH:4
FNDA:9,(anonymous_0)
FNDA:2,(anonymous_1)
FNDA:1,(anonymous_2)
FNDA:0,(anonymous_3)
FNDA:5,(anonymous_4)
DA:1,2
DA:3,2
DA:8,9
DA:9,9
DA:10,9
DA:14,2
DA:15,2
DA:16,2
DA:18,0
DA:22,1
DA:30,0
DA:31,0
DA:32,0
DA:36,5
LF:14
LH:10
BRDA:7,0,0,9
BRDA:14,1,0,2
BRDA:14,1,1,0
BRDA:30,2,0,0
BRDA:30,2,1,0
BRDA:31,3,0,0
BRDA:31,3,1,0
BRF:7
BRH:2
end_of_record
TN:
SF:src\core\StorageUnit.ts
FN:5,(anonymous_0)
FN:13,(anonymous_1)
FNF:2
FNH:2
FNDA:11,(anonymous_0)
FNDA:14,(anonymous_1)
DA:1,3
DA:6,11
DA:7,11
DA:14,14
LF:4
LH:4
BRF:0
BRH:0
end_of_record
TN:
SF:src\core\Truck.ts
FN:8,(anonymous_0)
FN:13,(anonymous_1)
FN:21,(anonymous_2)
FN:25,(anonymous_3)
FN:33,(anonymous_4)
FN:39,(anonymous_5)
FNF:6
FNH:6
FNDA:2,(anonymous_0)
FNDA:10,(anonymous_1)
FNDA:7,(anonymous_2)
FNDA:10,(anonymous_3)
FNDA:7,(anonymous_4)
FNDA:1,(anonymous_5)
DA:1,1
DA:4,1
DA:6,2
DA:9,2
DA:10,2
DA:14,10
DA:15,9
DA:16,9
DA:18,1
DA:22,7
DA:26,10
DA:27,9
DA:28,9
DA:30,1
DA:34,7
DA:35,7
DA:36,7
DA:40,1
DA:41,1
DA:42,3
DA:43,3
DA:44,1
DA:45,2
DA:46,2
DA:48,1
DA:50,2
DA:54,0
DA:55,0
LF:28
LH:26
BRDA:14,0,0,9
BRDA:14,0,1,1
BRDA:26,1,0,9
BRDA:26,1,1,1
BRDA:35,2,0,7
BRDA:35,2,1,0
BRDA:43,3,0,1
BRDA:43,3,1,2
BRF:8
BRH:7
end_of_record
TN:
SF:src\db\db.ts
FN:15,(anonymous_0)
FN:20,(anonymous_1)
FNF:2
FNH:0
FNDA:0,(anonymous_0)
FNDA:0,(anonymous_1)
DA:1,2
DA:3,2
DA:12,2
DA:16,0
DA:17,0
DA:21,0
LF:6
LH:3
BRDA:4,0,0,2
BRDA:4,0,1,2
BRDA:5,1,0,2
BRDA:5,1,1,2
BRDA:6,2,0,2
BRDA:6,2,1,2
BRDA:7,3,0,2
BRDA:7,3,1,2
BRDA:8,4,0,2
BRDA:8,4,1,2
BRF:10
BRH:10
end_of_record
