TN:
SF:src\algorithms\cargoBacktracker.ts
FN:9,canPackExact
FN:11,(anonymous_1)
FN:15,(anonymous_2)
FN:15,(anonymous_3)
FN:18,dfs
FN:46,bestFitSubset
FN:49,(anonymous_6)
FN:50,(anonymous_7)
FN:55,(anonymous_8)
FN:63,dfs
FN:101,(anonymous_10)
FNF:11
FNH:11
FNDA:5,canPackExact
FNDA:18,(anonymous_1)
FNDA:12,(anonymous_2)
FNDA:9,(anonymous_3)
FNDA:48,dfs
FNDA:3,bestFitSubset
FNDA:10,(anonymous_6)
FNDA:11,(anonymous_7)
FNDA:10,(anonymous_8)
FNDA:11,dfs
FNDA:4,(anonymous_10)
DA:9,1
DA:11,18
DA:12,5
DA:13,4
DA:15,12
DA:17,3
DA:19,48
DA:20,47
DA:21,38
DA:23,24
DA:24,24
DA:26,24
DA:27,3
DA:28,3
DA:30,21
DA:31,1
DA:32,1
DA:34,20
DA:35,20
DA:37,3
DA:46,1
DA:47,3
DA:49,10
DA:50,11
DA:52,3
DA:53,3
DA:55,10
DA:56,3
DA:57,3
DA:58,10
DA:61,3
DA:64,11
DA:65,2
DA:66,2
DA:67,2
DA:70,9
DA:71,1
DA:72,0
DA:73,0
DA:75,1
DA:79,8
DA:81,8
DA:82,8
DA:83,8
DA:85,8
DA:87,8
DA:88,4
DA:89,4
DA:90,4
DA:93,4
DA:96,4
DA:99,3
DA:101,4
LF:53
LH:51
BRDA:12,0,0,1
BRDA:12,0,1,4
BRDA:13,1,0,1
BRDA:13,1,1,3
BRDA:19,2,0,1
BRDA:19,2,1,47
BRDA:20,3,0,9
BRDA:20,3,1,38
BRDA:21,4,0,14
BRDA:21,4,1,24
BRDA:24,5,0,0
BRDA:24,5,1,24
BRDA:26,6,0,3
BRDA:26,6,1,21
BRDA:30,7,0,1
BRDA:30,7,1,20
BRDA:47,8,0,0
BRDA:47,8,1,3
BRDA:47,9,0,3
BRDA:47,9,1,3
BRDA:64,10,0,2
BRDA:64,10,1,9
BRDA:70,11,0,1
BRDA:70,11,1,8
BRDA:71,12,0,0
BRDA:71,12,1,1
BRDA:79,13,0,0
BRDA:79,13,1,8
BRDA:82,14,0,0
BRDA:82,14,1,8
BRDA:87,15,0,4
BRDA:87,15,1,4
BRDA:93,16,0,4
BRDA:93,16,1,0
BRF:34
BRH:28
end_of_record
TN:
SF:src\api\server.ts
FN:29,(anonymous_10)
FN:33,initialize
FN:42,(anonymous_12)
FN:51,(anonymous_13)
FNF:4
FNH:1
FNDA:0,(anonymous_10)
FNDA:2,initialize
FNDA:0,(anonymous_12)
FNDA:0,(anonymous_13)
DA:1,3
DA:2,3
DA:3,3
DA:4,3
DA:5,3
DA:6,3
DA:7,3
DA:8,3
DA:9,3
DA:10,3
DA:11,3
DA:12,3
DA:13,3
DA:16,3
DA:17,3
DA:18,3
DA:20,3
DA:22,3
DA:23,3
DA:24,3
DA:25,3
DA:26,3
DA:27,3
DA:29,3
DA:30,0
DA:31,0
DA:33,3
DA:34,2
DA:36,2
DA:37,1
DA:38,1
DA:41,3
DA:42,0
DA:43,0
DA:45,0
DA:46,0
DA:48,0
DA:50,0
DA:51,0
DA:52,0
DA:55,0
DA:56,0
DA:61,3
LF:43
LH:31
BRDA:20,0,0,3
BRDA:20,0,1,0
BRDA:31,1,0,0
BRDA:31,1,1,0
BRDA:31,2,0,0
BRDA:31,2,1,0
BRDA:41,3,0,0
BRDA:41,3,1,3
BRDA:50,4,0,0
BRDA:50,4,1,0
BRF:10
BRH:2
end_of_record
TN:
SF:src\api\middleware\validate.ts
FN:8,validateBody
FN:9,(anonymous_1)
FN:12,(anonymous_2)
FNF:3
FNH:1
FNDA:12,validateBody
FNDA:0,(anonymous_1)
FNDA:0,(anonymous_2)
DA:8,3
DA:9,12
DA:10,0
DA:11,0
DA:12,0
DA:16,0
DA:19,0
DA:20,0
LF:8
LH:2
BRDA:11,0,0,0
BRDA:11,0,1,0
BRF:2
BRH:0
end_of_record
TN:
SF:src\api\routes\bins.ts
FN:11,(anonymous_1)
FN:21,(anonymous_2)
FN:37,(anonymous_3)
FN:42,(anonymous_4)
FN:43,(anonymous_5)
FN:59,(anonymous_6)
FNF:6
FNH:0
FNDA:0,(anonymous_1)
FNDA:0,(anonymous_2)
FNDA:0,(anonymous_3)
FNDA:0,(anonymous_4)
FNDA:0,(anonymous_5)
FNDA:0,(anonymous_6)
DA:1,3
DA:2,3
DA:3,3
DA:5,3
DA:11,3
DA:12,0
DA:13,0
DA:14,0
DA:15,0
DA:18,0
DA:19,0
DA:20,0
DA:21,0
DA:27,0
DA:29,0
DA:37,3
DA:38,0
DA:39,0
DA:40,0
DA:42,0
DA:43,0
DA:49,0
DA:51,0
DA:59,3
DA:60,0
DA:61,0
DA:63,0
DA:64,0
DA:65,0
DA:66,0
DA:69,0
DA:70,0
DA:71,0
DA:72,0
DA:73,0
DA:74,0
DA:75,0
DA:76,0
DA:78,0
DA:79,0
DA:84,0
DA:86,0
DA:87,0
DA:89,0
DA:93,0
DA:94,0
DA:96,0
DA:98,0
DA:102,3
LF:49
LH:8
BRDA:14,0,0,0
BRDA:14,0,1,0
BRDA:18,1,0,0
BRDA:18,1,1,0
BRDA:19,2,0,0
BRDA:19,2,1,0
BRDA:40,3,0,0
BRDA:40,3,1,0
BRDA:43,4,0,0
BRDA:43,4,1,0
BRDA:61,5,0,0
BRDA:61,5,1,0
BRDA:78,6,0,0
BRDA:78,6,1,0
BRF:14
BRH:0
end_of_record
TN:
SF:src\api\routes\destination.ts
FN:14,(anonymous_1)
FN:33,(anonymous_2)
FN:50,(anonymous_3)
FNF:3
FNH:2
FNDA:1,(anonymous_1)
FNDA:0,(anonymous_2)
FNDA:2,(anonymous_3)
DA:1,3
DA:2,3
DA:4,3
DA:14,3
DA:15,1
DA:16,1
DA:17,1
DA:20,1
DA:21,1
DA:23,0
DA:32,0
DA:33,0
DA:38,0
DA:41,1
DA:49,1
DA:50,2
DA:54,1
DA:57,0
DA:61,3
LF:19
LH:14
BRDA:16,0,0,1
BRDA:16,0,1,0
BRDA:17,1,0,1
BRDA:17,1,1,1
BRDA:21,2,0,0
BRDA:21,2,1,1
BRF:6
BRH:4
end_of_record
TN:
SF:src\api\routes\packages.ts
FN:14,(anonymous_0)
FN:37,(anonymous_1)
FNF:2
FNH:0
FNDA:0,(anonymous_0)
FNDA:0,(anonymous_1)
DA:1,3
DA:2,3
DA:3,3
DA:4,3
DA:5,3
DA:6,3
DA:7,3
DA:14,3
DA:15,0
DA:16,0
DA:20,0
DA:21,0
DA:22,0
DA:23,0
DA:24,0
DA:26,0
DA:35,3
DA:38,0
DA:39,0
DA:40,0
DA:41,0
DA:43,0
DA:44,0
DA:45,0
DA:46,0
DA:47,0
DA:48,0
DA:50,0
DA:52,0
DA:56,3
LF:30
LH:10
BRDA:20,0,0,0
BRDA:20,0,1,0
BRDA:21,1,0,0
BRDA:21,1,1,0
BRDA:39,2,0,0
BRDA:39,2,1,0
BRDA:41,3,0,0
BRDA:41,3,1,0
BRF:8
BRH:0
end_of_record
TN:
SF:src\api\routes\system.ts
FN:11,(anonymous_1)
FN:37,(anonymous_2)
FN:70,(anonymous_3)
FNF:3
FNH:0
FNDA:0,(anonymous_1)
FNDA:0,(anonymous_2)
FNDA:0,(anonymous_3)
DA:1,3
DA:2,3
DA:3,3
DA:5,3
DA:11,3
DA:12,0
DA:13,0
DA:14,0
DA:15,0
DA:16,0
DA:19,0
DA:20,0
DA:22,0
DA:30,0
DA:37,3
DA:38,0
DA:40,0
DA:48,0
DA:52,0
DA:57,0
DA:62,0
DA:64,0
DA:70,0
DA:80,0
DA:82,0
DA:86,3
LF:26
LH:7
BRDA:19,0,0,0
BRDA:19,0,1,0
BRDA:65,1,0,0
BRDA:65,1,1,0
BRDA:66,2,0,0
BRDA:66,2,1,0
BRDA:67,3,0,0
BRDA:67,3,1,0
BRDA:68,4,0,0
BRDA:68,4,1,0
BRDA:69,5,0,0
BRDA:69,5,1,0
BRF:12
BRH:0
end_of_record
TN:
SF:src\api\routes\trucks.ts
FN:14,(anonymous_0)
FN:33,(anonymous_1)
FN:50,(anonymous_2)
FN:64,(anonymous_3)
FN:74,(anonymous_4)
FNF:5
FNH:0
FNDA:0,(anonymous_0)
FNDA:0,(anonymous_1)
FNDA:0,(anonymous_2)
FNDA:0,(anonymous_3)
FNDA:0,(anonymous_4)
DA:1,3
DA:2,3
DA:3,3
DA:4,3
DA:5,3
DA:6,3
DA:8,3
DA:14,3
DA:15,0
DA:16,0
DA:17,0
DA:18,0
DA:20,0
DA:21,0
DA:22,0
DA:23,0
DA:25,0
DA:33,3
DA:34,0
DA:35,0
DA:36,0
DA:38,0
DA:39,0
DA:40,0
DA:41,0
DA:43,0
DA:50,3
DA:51,0
DA:52,0
DA:53,0
DA:54,0
DA:55,0
DA:57,0
DA:64,3
DA:65,0
DA:66,0
DA:67,0
DA:68,0
DA:69,0
DA:73,0
DA:74,0
DA:75,0
DA:77,0
DA:81,3
LF:44
LH:12
BRDA:18,0,0,0
BRDA:18,0,1,0
BRDA:18,1,0,0
BRDA:18,1,1,0
BRDA:38,2,0,0
BRDA:38,2,1,0
BRDA:38,3,0,0
BRDA:38,3,1,0
BRDA:69,4,0,0
BRDA:69,4,1,0
BRDA:73,5,0,0
BRDA:73,5,1,0
BRF:12
BRH:0
end_of_record
TN:
SF:src\api\routes\utilization.ts
FN:13,parseBuckets
FN:22,(anonymous_2)
FN:52,(anonymous_3)
FN:59,(anonymous_4)
FN:84,(anonymous_5)
FNF:5
FNH:0
FNDA:0,parseBuckets
FNDA:0,(anonymous_2)
FNDA:0,(anonymous_3)
FNDA:0,(anonymous_4)
FNDA:0,(anonymous_5)
DA:1,3
DA:2,3
DA:4,3
DA:14,0
DA:15,0
DA:22,0
DA:23,0
DA:25,0
DA:26,0
DA:27,0
DA:28,0
DA:29,0
DA:30,0
DA:31,0
DA:35,0
DA:36,0
DA:42,0
DA:52,3
DA:53,0
DA:54,0
DA:55,0
DA:58,0
DA:59,0
DA:60,0
DA:61,0
DA:63,0
DA:66,0
DA:69,0
DA:80,0
DA:83,0
DA:84,0
DA:85,0
DA:94,0
DA:95,0
DA:96,0
DA:97,0
DA:99,0
DA:100,0
DA:103,0
DA:105,0
DA:109,3
LF:41
LH:5
BRDA:14,0,0,0
BRDA:14,0,1,0
BRDA:27,1,0,0
BRDA:27,1,1,0
BRDA:29,2,0,0
BRDA:29,2,1,0
BRDA:30,3,0,0
BRDA:30,3,1,0
BRDA:35,4,0,0
BRDA:35,4,1,0
BRDA:54,5,0,0
BRDA:54,5,1,0
BRDA:60,6,0,0
BRDA:60,6,1,0
BRDA:89,7,0,0
BRDA:89,7,1,0
BRDA:97,8,0,0
BRDA:97,8,1,0
BRDA:99,9,0,0
BRDA:99,9,1,0
BRF:20
BRH:0
end_of_record
TN:
SF:src\api\schemas\packageSchemas.ts
FNF:0
FNH:0
DA:1,3
DA:3,3
LF:2
LH:2
BRF:0
BRH:0
end_of_record
TN:
SF:src\api\schemas\truckSchemas.ts
FNF:0
FNH:0
DA:2,3
DA:4,3
DA:8,3
LF:3
LH:3
BRF:0
BRH:0
end_of_record
TN:
SF:src\core\LogiMaster.ts
FN:14,(anonymous_1)
FN:16,(anonymous_2)
FN:26,(anonymous_3)
FN:31,(anonymous_4)
FN:36,(anonymous_5)
FN:46,(anonymous_6)
FN:70,(anonymous_7)
FN:123,(anonymous_8)
FN:147,(anonymous_9)
FN:165,(anonymous_10)
FN:210,(anonymous_11)
FN:282,(anonymous_12)
FN:286,(anonymous_13)
FNF:13
FNH:8
FNDA:4,(anonymous_1)
FNDA:6,(anonymous_2)
FNDA:4,(anonymous_3)
FNDA:2,(anonymous_4)
FNDA:200,(anonymous_5)
FNDA:8,(anonymous_6)
FNDA:2,(anonymous_7)
FNDA:0,(anonymous_8)
FNDA:1,(anonymous_9)
FNDA:0,(anonymous_10)
FNDA:0,(anonymous_11)
FNDA:0,(anonymous_12)
FNDA:0,(anonymous_13)
DA:1,5
DA:3,5
DA:4,5
DA:5,5
DA:7,5
DA:8,5
DA:10,4
DA:11,4
DA:12,4
DA:17,6
DA:18,4
DA:20,6
DA:27,4
DA:32,2
DA:36,1
DA:37,200
DA:39,200
DA:40,200
DA:43,1
DA:47,8
DA:49,8
DA:50,8
DA:51,8
DA:52,8
DA:54,8
DA:55,15
DA:56,15
DA:57,9
DA:58,9
DA:60,6
DA:63,8
DA:71,2
DA:72,2
DA:75,2
DA:76,2
DA:78,2
DA:79,2
DA:80,2
DA:83,1
DA:91,1
DA:93,0
DA:95,0
DA:96,0
DA:99,1
DA:105,1
DA:106,1
DA:108,1
DA:109,1
DA:114,1
DA:115,1
DA:117,2
DA:124,0
DA:125,0
DA:126,0
DA:127,0
DA:133,0
DA:135,0
DA:136,0
DA:138,0
DA:142,0
DA:148,1
DA:149,1
DA:150,2
DA:151,2
DA:152,2
DA:154,0
DA:156,2
DA:166,0
DA:167,0
DA:170,0
DA:171,0
DA:173,0
DA:174,0
DA:175,0
DA:178,0
DA:183,0
DA:185,0
DA:186,0
DA:187,0
DA:188,0
DA:192,0
DA:198,0
DA:199,0
DA:201,0
DA:203,0
DA:204,0
DA:206,0
DA:211,0
DA:212,0
DA:216,0
DA:218,0
DA:220,0
DA:221,0
DA:222,0
DA:225,0
DA:234,0
DA:237,0
DA:238,0
DA:239,0
DA:242,0
DA:243,0
DA:244,0
DA:247,0
DA:255,0
DA:262,0
DA:263,0
DA:265,0
DA:266,0
DA:271,0
DA:272,0
DA:274,0
DA:283,0
DA:287,0
LF:113
LH:54
BRDA:17,0,0,4
BRDA:17,0,1,2
BRDA:37,1,0,200
BRDA:37,1,1,0
BRDA:39,2,0,200
BRDA:39,2,1,199
BRDA:47,3,0,0
BRDA:47,3,1,8
BRDA:56,4,0,9
BRDA:56,4,1,6
BRDA:72,5,0,0
BRDA:72,5,1,2
BRDA:76,6,0,0
BRDA:76,6,1,2
BRDA:91,7,0,0
BRDA:91,7,1,1
BRDA:131,8,0,0
BRDA:131,8,1,0
BRDA:151,9,0,2
BRDA:151,9,1,0
BRDA:152,10,0,2
BRDA:152,10,1,1
BRDA:154,11,0,0
BRDA:154,11,1,0
BRDA:167,12,0,0
BRDA:167,12,1,0
BRDA:171,13,0,0
BRDA:171,13,1,0
BRDA:183,14,0,0
BRDA:183,14,1,0
BRDA:195,15,0,0
BRDA:195,15,1,0
BRDA:212,16,0,0
BRDA:212,16,1,0
BRDA:216,17,0,0
BRDA:216,17,1,0
BRDA:218,18,0,0
BRDA:218,18,1,0
BRDA:234,19,0,0
BRDA:234,19,1,0
BRDA:244,20,0,0
BRDA:244,20,1,0
BRF:42
BRH:14
end_of_record
TN:
SF:src\core\Package.ts
FN:6,(anonymous_0)
FNF:1
FNH:1
FNDA:25,(anonymous_0)
DA:1,6
DA:7,25
DA:8,25
DA:9,25
LF:4
LH:4
BRF:0
BRH:0
end_of_record
TN:
SF:src\core\SimpleQueue.ts
FN:1,(anonymous_0)
FN:5,(anonymous_1)
FN:7,(anonymous_2)
FN:14,(anonymous_3)
FN:16,(anonymous_4)
FNF:5
FNH:5
FNDA:6,(anonymous_0)
FNDA:5,(anonymous_1)
FNDA:6,(anonymous_2)
FNDA:4,(anonymous_3)
FNDA:3,(anonymous_4)
DA:1,6
DA:2,6
DA:3,6
DA:5,5
DA:8,6
DA:9,5
DA:11,6
DA:14,4
DA:16,3
LF:9
LH:9
BRDA:8,0,0,4
BRDA:8,0,1,2
BRF:2
BRH:2
end_of_record
TN:
SF:src\core\StorageBin.ts
FN:7,(anonymous_0)
FN:13,(anonymous_1)
FN:21,(anonymous_2)
FN:29,(anonymous_3)
FN:35,(anonymous_4)
FNF:5
FNH:5
FNDA:209,(anonymous_0)
FNDA:2,(anonymous_1)
FNDA:1,(anonymous_2)
FNDA:200,(anonymous_3)
FNDA:5,(anonymous_4)
DA:1,5
DA:3,5
DA:8,209
DA:9,209
DA:10,209
DA:14,2
DA:15,2
DA:16,2
DA:18,0
DA:22,1
DA:30,200
DA:31,200
DA:32,200
DA:36,5
LF:14
LH:13
BRDA:7,0,0,9
BRDA:14,1,0,2
BRDA:14,1,1,0
BRDA:30,2,0,0
BRDA:30,2,1,200
BRDA:31,3,0,0
BRDA:31,3,1,200
BRF:7
BRH:4
end_of_record
TN:
SF:src\core\StorageUnit.ts
FN:5,(anonymous_0)
FN:13,(anonymous_1)
FNF:2
FNH:2
FNDA:213,(anonymous_0)
FNDA:14,(anonymous_1)
DA:1,6
DA:6,213
DA:7,213
DA:14,14
LF:4
LH:4
BRF:0
BRH:0
end_of_record
TN:
SF:src\core\Truck.ts
FN:8,(anonymous_0)
FN:13,(anonymous_1)
FN:22,(anonymous_2)
FN:26,(anonymous_3)
FN:34,(anonymous_4)
FN:40,(anonymous_5)
FN:60,(anonymous_6)
FN:83,(anonymous_7)
FN:88,(anonymous_8)
FN:93,(anonymous_9)
FN:94,(anonymous_10)
FNF:11
FNH:7
FNDA:4,(anonymous_0)
FNDA:10,(anonymous_1)
FNDA:7,(anonymous_2)
FNDA:10,(anonymous_3)
FNDA:7,(anonymous_4)
FNDA:1,(anonymous_5)
FNDA:0,(anonymous_6)
FNDA:2,(anonymous_7)
FNDA:0,(anonymous_8)
FNDA:0,(anonymous_9)
FNDA:0,(anonymous_10)
DA:1,6
DA:4,6
DA:6,4
DA:9,4
DA:10,4
DA:14,10
DA:15,10
DA:16,9
DA:17,9
DA:19,1
DA:23,7
DA:27,10
DA:28,9
DA:29,9
DA:31,1
DA:35,7
DA:36,7
DA:37,7
DA:41,1
DA:42,1
DA:43,3
DA:44,3
DA:45,2
DA:46,1
DA:48,2
DA:52,0
DA:53,0
DA:61,0
DA:62,0
DA:64,0
DA:65,0
DA:66,0
DA:67,0
DA:68,0
DA:70,0
DA:75,0
DA:76,0
DA:79,0
DA:84,2
DA:85,2
DA:86,2
DA:89,0
DA:94,0
LF:43
LH:28
BRDA:14,0,0,0
BRDA:14,0,1,10
BRDA:15,1,0,9
BRDA:15,1,1,1
BRDA:27,2,0,9
BRDA:27,2,1,1
BRDA:36,3,0,7
BRDA:36,3,1,0
BRDA:44,4,0,1
BRDA:44,4,1,2
BRDA:66,5,0,0
BRDA:66,5,1,0
BRDA:84,6,0,0
BRDA:84,6,1,2
BRDA:85,7,0,0
BRDA:85,7,1,2
BRF:16
BRH:10
end_of_record
TN:
SF:src\db\db.ts
FN:14,(anonymous_0)
FN:22,(anonymous_1)
FN:24,(anonymous_2)
FN:29,(anonymous_3)
FNF:4
FNH:2
FNDA:0,(anonymous_0)
FNDA:4,(anonymous_1)
FNDA:0,(anonymous_2)
FNDA:3,(anonymous_3)
DA:2,5
DA:4,5
DA:14,5
DA:18,0
DA:21,5
DA:22,4
DA:25,0
DA:26,0
DA:30,3
DA:31,3
DA:34,0
LF:11
LH:7
BRDA:5,0,0,5
BRDA:5,0,1,4
BRDA:6,1,0,5
BRDA:6,1,1,4
BRDA:7,2,0,5
BRDA:7,2,1,4
BRDA:8,3,0,5
BRDA:8,3,1,4
BRDA:9,4,0,5
BRDA:9,4,1,4
BRDA:18,5,0,0
BRDA:18,5,1,0
BRDA:18,6,0,0
BRDA:18,6,1,0
BRF:14
BRH:10
end_of_record
